#
# A fatal error has been detected by the Java Runtime Environment:
#
#  SIGBUS (0x7) at pc=0x760b67c0, pid=3253, tid=1684530288
#
# JRE version: Java(TM) SE Runtime Environment (8.0_65-b17) (build 1.8.0_65-b17)
# Java VM: Java HotSpot(TM) Client VM (25.65-b01 mixed mode linux-arm )
# Problematic frame:
# C  [libzip.so+0xf7c0]
#
# Failed to write core dump. Core dumps have been disabled. To enable core dumping, try "ulimit -c unlimited" before starting Java again
#
# If you would like to submit a bug report, please visit:
#   http://bugreport.java.com/bugreport/crash.jsp
# The crash happened outside the Java Virtual Machine in native code.
# See problematic frame for where to report the bug.
#

---------------  T H R E A D  ---------------

Current thread (0x64009400):  JavaThread "Thread-1" [_thread_in_native, id=3263, stack(0x6462f000,0x6467f000)]

siginfo: si_signo: 7 (SIGBUS), si_code: 2 (BUS_ADRERR), si_addr: 0x644c31bb

Registers:
  r0  = 0x64589cd8
  r1  = 0x00000000
  r2  = 0x00703000
  r3  = 0x64466000
  r4  = 0x644c31ae
  r5  = 0x761efc90
  r6  = 0x64589cd8
  r7  = 0x761e1c70
  r8  = 0x6467c7c4
  r9  = 0x00000001
  r10 = 0x0000002d
  fp  = 0x64595508
  r12 = 0x64589cd8
  sp  = 0x6467c728
  lr  = 0x76dea370
  pc  = 0x760b67c0
  cpsr = 0x20000010

Top of Stack: (sp=0x6467c728)
0x6467c728:   00000000 0000002c 6467cfb8 7690ffb8
0x6467c738:   0000002c 65296588 76eb4000 76eb27a8
0x6467c748:   768bbaba 76db8e50 76eb4000 00000000
0x6467c758:   00000000 0000002d 761efc90 71bf252c
0x6467c768:   0000002d 761e1c70 761efc90 71bf252c
0x6467c778:   6467c7f1 6467c7c4 00000001 0000002d
0x6467c788:   64595508 760b81e4 00000001 0000002d
0x6467c798:   6400953c 6467c7c4 6467cbf0 00000001 

Instructions: (pc=0x760b67c0)
0x760b67a0:   e3a030a0 e58d3000 e1c720d8 e1a00005
0x760b67b0:   ebffffa7 e1a04000 e3540000 0a000093
0x760b67c0:   e5d4000d e5d4100e e5d4300c e5d4200f
0x760b67d0:   e1833400 e1812402 e5d4c020 e1832802 

Register to memory mapping:

  r0  = 0x64589cd8
0x64589cd8 is an unknown value

  r1  = 0x00000000
0x00000000 is an unknown value

  r2  = 0x00703000
0x00703000 is an unknown value

  r3  = 0x64466000
0x64466000 is pointing into the stack for thread: 0x64501000

  r4  = 0x644c31ae
0x644c31ae is an unknown value

  r5  = 0x761efc90
0x761efc90 is an unknown value

  r6  = 0x64589cd8
0x64589cd8 is an unknown value

  r7  = 0x761e1c70
0x761e1c70 is an unknown value

  r8  = 0x6467c7c4
0x6467c7c4 is pointing into the stack for thread: 0x64009400

  r9  = 0x00000001
0x00000001 is an unknown value

  r10 = 0x0000002d
0x0000002d is an unknown value

  fp  = 0x64595508
0x64595508 is an unknown value

  r12 = 0x64589cd8
0x64589cd8 is an unknown value

  sp  = 0x6467c728
0x6467c728 is pointing into the stack for thread: 0x64009400

  lr  = 0x76dea370
0x76dea370: __libc_malloc+0x64 in /lib/arm-linux-gnueabihf/libc.so.6 at 0x76d79000

  pc  = 0x760b67c0
0x760b67c0: <offset 0xf7c0> in /usr/lib/jvm/jdk-8-oracle-arm32-vfp-hflt/jre/lib/arm/libzip.so at 0x760a7000



Stack: [0x6462f000,0x6467f000],  sp=0x6467c728,  free space=309k
Native frames: (J=compiled Java code, j=interpreted, Vv=VM code, C=native code)
C  [libzip.so+0xf7c0]

Java frames: (J=compiled Java code, j=interpreted, Vv=VM code)
J 420  java.util.zip.ZipFile.getEntry(J[BZ)J (0 bytes) @ 0x741cadfc [0x741cada0+0x5c]
j  java.util.zip.ZipFile.getEntry(Ljava/lang/String;)Ljava/util/zip/ZipEntry;+38
j  java.util.jar.JarFile.getEntry(Ljava/lang/String;)Ljava/util/zip/ZipEntry;+2
j  java.util.jar.JarFile.getJarEntry(Ljava/lang/String;)Ljava/util/jar/JarEntry;+2
j  sun.misc.URLClassPath$JarLoader.getResource(Ljava/lang/String;Z)Lsun/misc/Resource;+42
j  sun.misc.URLClassPath.getResource(Ljava/lang/String;Z)Lsun/misc/Resource;+62
j  java.net.URLClassLoader$1.run()Ljava/lang/Class;+26
j  java.net.URLClassLoader$1.run()Ljava/lang/Object;+1
v  ~StubRoutines::call_stub
J 454  java.security.AccessController.doPrivileged(Ljava/security/PrivilegedExceptionAction;Ljava/security/AccessControlContext;)Ljava/lang/Object; (0 bytes) @ 0x74181938 [0x741818e0+0x58]
j  java.net.URLClassLoader.findClass(Ljava/lang/String;)Ljava/lang/Class;+13
j  java.lang.ClassLoader.loadClass(Ljava/lang/String;Z)Ljava/lang/Class;+70
j  sun.misc.Launcher$AppClassLoader.loadClass(Ljava/lang/String;Z)Ljava/lang/Class;+81
j  java.lang.ClassLoader.loadClass(Ljava/lang/String;)Ljava/lang/Class;+3
v  ~StubRoutines::call_stub
j  com.fasterxml.jackson.core.json.ReaderBasedJsonParser.getCurrentLocation()Lcom/fasterxml/jackson/core/JsonLocation;+12
j  com.fasterxml.jackson.core.JsonParseException.<init>(Lcom/fasterxml/jackson/core/JsonParser;Ljava/lang/String;)V+11
j  com.fasterxml.jackson.core.JsonParser._constructError(Ljava/lang/String;)Lcom/fasterxml/jackson/core/JsonParseException;+6
j  com.fasterxml.jackson.core.base.ParserMinimalBase._reportError(Ljava/lang/String;Ljava/lang/Object;Ljava/lang/Object;)V+17
j  com.fasterxml.jackson.core.json.ReaderBasedJsonParser._reportInvalidToken(Ljava/lang/String;Ljava/lang/String;)V+96
j  com.fasterxml.jackson.core.json.ReaderBasedJsonParser._handleOddValue(I)Lcom/fasterxml/jackson/core/JsonToken;+261
J 2650 C1 com.fasterxml.jackson.core.json.ReaderBasedJsonParser.nextToken()Lcom/fasterxml/jackson/core/JsonToken; (496 bytes) @ 0x74285c58 [0x742859c0+0x298]
J 2735 C1 com.google.api.client.json.jackson2.JacksonParser.nextToken()Lcom/google/api/client/json/JsonToken; (11 bytes) @ 0x742c93f0 [0x742c93c0+0x30]
j  com.google.api.client.json.JsonParser.startParsing()Lcom/google/api/client/json/JsonToken;+10
j  com.google.api.client.json.JsonParser.parse(Ljava/lang/reflect/Type;ZLcom/google/api/client/json/CustomizeJsonParser;)Ljava/lang/Object;+10
j  com.google.api.client.json.JsonParser.parse(Ljava/lang/Class;Lcom/google/api/client/json/CustomizeJsonParser;)Ljava/lang/Object;+4
j  com.google.api.client.json.JsonParser.parseAndClose(Ljava/lang/Class;Lcom/google/api/client/json/CustomizeJsonParser;)Ljava/lang/Object;+3
j  com.google.api.client.json.JsonParser.parseAndClose(Ljava/lang/Class;)Ljava/lang/Object;+3
j  com.google.api.client.json.JsonFactory.fromReader(Ljava/io/Reader;Ljava/lang/Class;)Ljava/lang/Object;+6
j  com.google.api.client.googleapis.auth.oauth2.GoogleClientSecrets.load(Lcom/google/api/client/json/JsonFactory;Ljava/io/Reader;)Lcom/google/api/client/googleapis/auth/oauth2/GoogleClientSecrets;+5
j  com.mycompany.app.finalTest.getCredentials(Lcom/google/api/client/http/javanet/NetHttpTransport;)Lcom/google/api/client/auth/oauth2/Credential;+33
j  com.mycompany.app.finalTest.getEvents(Ljava/lang/String;)Ljava/util/List;+13
j  com.mycompany.app.finalTest.access$200(Ljava/lang/String;)Ljava/util/List;+1
j  com.mycompany.app.finalTest$calLoop.run()V+157
j  java.lang.Thread.run()V+11
v  ~StubRoutines::call_stub

---------------  P R O C E S S  ---------------

Java Threads: ( => current thread )
  0x64501000 JavaThread "Thread-2" [_thread_blocked, id=3264, stack(0x64416000,0x64466000)]
=>0x64009400 JavaThread "Thread-1" [_thread_in_native, id=3263, stack(0x6462f000,0x6467f000)]
  0x76183c00 JavaThread "Service Thread" daemon [_thread_blocked, id=3260, stack(0x6482f000,0x6487f000)]
  0x76180800 JavaThread "C1 CompilerThread0" daemon [_thread_blocked, id=3259, stack(0x64880000,0x64900000)]
  0x7617f000 JavaThread "Signal Dispatcher" daemon [_thread_blocked, id=3258, stack(0x64a15000,0x64a65000)]
  0x76162000 JavaThread "Finalizer" daemon [_thread_blocked, id=3257, stack(0x64f4e000,0x64f9e000)]
  0x76160800 JavaThread "Reference Handler" daemon [_thread_blocked, id=3256, stack(0x64f9e000,0x64fee000)]
  0x76107400 JavaThread "main" [_thread_blocked, id=3254, stack(0x762a3000,0x762f3000)]

Other Threads:
  0x7615d800 VMThread [stack: 0x64fef000,0x6506f000] [id=3255]
  0x76185c00 WatcherThread [stack: 0x64680000,0x64700000] [id=3261]

VM state:not at safepoint (normal execution)

VM Mutex/Monitor currently owned by a thread: None

Heap:
 def new generation   total 5760K, used 5393K [0x65800000, 0x65e20000, 0x6a540000)
  eden space 5248K,  93% used [0x65800000, 0x65cce170, 0x65d20000)
  from space 512K,  92% used [0x65d20000, 0x65d96450, 0x65da0000)
  to   space 512K,   0% used [0x65da0000, 0x65da0000, 0x65e20000)
 tenured generation   total 12404K, used 9997K [0x6a540000, 0x6b15d000, 0x74000000)
   the space 12404K,  80% used [0x6a540000, 0x6af03708, 0x6af03800, 0x6b15d000)
 Metaspace       used 9525K, capacity 9708K, committed 9752K, reserved 10544K

Card table byte_map: [0x6578b000,0x65800000] byte_map_base: 0x6545f000

Polling page: 0x76f68000

CodeCache: size=32768Kb used=2346Kb max_used=2845Kb free=30421Kb
 bounds [0x740a7000, 0x74377000, 0x760a7000]
 total_blobs=1178 nmethods=994 adapters=116
 compilation: enabled

Compilation events (10 events):
Event: 452.538 Thread 0x76180800 nmethod 2846 0x74293708 code [0x74293810, 0x7429397c]
Event: 452.538 Thread 0x76180800 2847             java.util.ResourceBundle$CacheKey::getLoader (22 bytes)
Event: 452.538 Thread 0x76180800 nmethod 2847 0x742934c8 code [0x742935b0, 0x74293688]
Event: 452.538 Thread 0x76180800 2848             java.util.ResourceBundle$CacheKey::hashCode (5 bytes)
Event: 452.539 Thread 0x76180800 nmethod 2848 0x74293308 code [0x742933e0, 0x74293468]
Event: 452.539 Thread 0x76180800 2849   !         java.util.ResourceBundle$CacheKey::equals (119 bytes)
Event: 452.541 Thread 0x76180800 nmethod 2849 0x74292d08 code [0x74292e20, 0x742930a0]
Event: 452.670 Thread 0x76180800 2850             sun.security.provider.JavaKeyStore$JKS::convertAlias (8 bytes)
Event: 452.671 Thread 0x76180800 nmethod 2850 0x74264e08 code [0x74264ef0, 0x74264f94]
Event: 452.680 Thread 0x76180800 2851             sun.misc.URLClassPath::getResource (83 bytes)

GC Heap History (10 events):
Event: 411.609 GC heap before
{Heap before GC invocations=62 (full 1):
 def new generation   total 5760K, used 5556K [0x65800000, 0x65e20000, 0x6a540000)
  eden space 5248K, 100% used [0x65800000, 0x65d20000, 0x65d20000)
  from space 512K,  60% used [0x65da0000, 0x65ded2a0, 0x65e20000)
  to   space 512K,   0% used [0x65d20000, 0x65d20000, 0x65da0000)
 tenured generation   total 12404K, used 9652K [0x6a540000, 0x6b15d000, 0x74000000)
   the space 12404K,  77% used [0x6a540000, 0x6aead140, 0x6aead200, 0x6b15d000)
 Metaspace       used 9517K, capacity 9708K, committed 9752K, reserved 10544K
Event: 411.614 GC heap after
Heap after GC invocations=63 (full 1):
 def new generation   total 5760K, used 511K [0x65800000, 0x65e20000, 0x6a540000)
  eden space 5248K,   0% used [0x65800000, 0x65800000, 0x65d20000)
  from space 512K,  99% used [0x65d20000, 0x65d9fff8, 0x65da0000)
  to   space 512K,   0% used [0x65da0000, 0x65da0000, 0x65e20000)
 tenured generation   total 12404K, used 9826K [0x6a540000, 0x6b15d000, 0x74000000)
   the space 12404K,  79% used [0x6a540000, 0x6aed89e0, 0x6aed8a00, 0x6b15d000)
 Metaspace       used 9517K, capacity 9708K, committed 9752K, reserved 10544K
}
Event: 419.191 GC heap before
{Heap before GC invocations=63 (full 1):
 def new generation   total 5760K, used 5759K [0x65800000, 0x65e20000, 0x6a540000)
  eden space 5248K, 100% used [0x65800000, 0x65d20000, 0x65d20000)
  from space 512K,  99% used [0x65d20000, 0x65d9fff8, 0x65da0000)
  to   space 512K,   0% used [0x65da0000, 0x65da0000, 0x65e20000)
 tenured generation   total 12404K, used 9826K [0x6a540000, 0x6b15d000, 0x74000000)
   the space 12404K,  79% used [0x6a540000, 0x6aed89e0, 0x6aed8a00, 0x6b15d000)
 Metaspace       used 9517K, capacity 9708K, committed 9752K, reserved 10544K
Event: 419.196 GC heap after
Heap after GC invocations=64 (full 1):
 def new generation   total 5760K, used 449K [0x65800000, 0x65e20000, 0x6a540000)
  eden space 5248K,   0% used [0x65800000, 0x65800000, 0x65d20000)
  from space 512K,  87% used [0x65da0000, 0x65e10770, 0x65e20000)
  to   space 512K,   0% used [0x65d20000, 0x65d20000, 0x65da0000)
 tenured generation   total 12404K, used 9839K [0x6a540000, 0x6b15d000, 0x74000000)
   the space 12404K,  79% used [0x6a540000, 0x6aedbd88, 0x6aedbe00, 0x6b15d000)
 Metaspace       used 9517K, capacity 9708K, committed 9752K, reserved 10544K
}
Event: 430.147 GC heap before
{Heap before GC invocations=64 (full 1):
 def new generation   total 5760K, used 5697K [0x65800000, 0x65e20000, 0x6a540000)
  eden space 5248K, 100% used [0x65800000, 0x65d20000, 0x65d20000)
  from space 512K,  87% used [0x65da0000, 0x65e10770, 0x65e20000)
  to   space 512K,   0% used [0x65d20000, 0x65d20000, 0x65da0000)
 tenured generation   total 12404K, used 9839K [0x6a540000, 0x6b15d000, 0x74000000)
   the space 12404K,  79% used [0x6a540000, 0x6aedbd88, 0x6aedbe00, 0x6b15d000)
 Metaspace       used 9517K, capacity 9708K, committed 9752K, reserved 10544K
Event: 430.152 GC heap after
Heap after GC invocations=65 (full 1):
 def new generation   total 5760K, used 294K [0x65800000, 0x65e20000, 0x6a540000)
  eden space 5248K,   0% used [0x65800000, 0x65800000, 0x65d20000)
  from space 512K,  57% used [0x65d20000, 0x65d69bb8, 0x65da0000)
  to   space 512K,   0% used [0x65da0000, 0x65da0000, 0x65e20000)
 tenured generation   total 12404K, used 9900K [0x6a540000, 0x6b15d000, 0x74000000)
   the space 12404K,  79% used [0x6a540000, 0x6aeeb040, 0x6aeeb200, 0x6b15d000)
 Metaspace       used 9517K, capacity 9708K, committed 9752K, reserved 10544K
}
Event: 435.241 GC heap before
{Heap before GC invocations=65 (full 1):
 def new generation   total 5760K, used 5542K [0x65800000, 0x65e20000, 0x6a540000)
  eden space 5248K, 100% used [0x65800000, 0x65d20000, 0x65d20000)
  from space 512K,  57% used [0x65d20000, 0x65d69bb8, 0x65da0000)
  to   space 512K,   0% used [0x65da0000, 0x65da0000, 0x65e20000)
 tenured generation   total 12404K, used 9900K [0x6a540000, 0x6b15d000, 0x74000000)
   the space 12404K,  79% used [0x6a540000, 0x6aeeb040, 0x6aeeb200, 0x6b15d000)
 Metaspace       used 9517K, capacity 9708K, committed 9752K, reserved 10544K
Event: 435.254 GC heap after
Heap after GC invocations=66 (full 1):
 def new generation   total 5760K, used 512K [0x65800000, 0x65e20000, 0x6a540000)
  eden space 5248K,   0% used [0x65800000, 0x65800000, 0x65d20000)
  from space 512K, 100% used [0x65da0000, 0x65e20000, 0x65e20000)
  to   space 512K,   0% used [0x65d20000, 0x65d20000, 0x65da0000)
 tenured generation   total 12404K, used 9987K [0x6a540000, 0x6b15d000, 0x74000000)
   the space 12404K,  80% used [0x6a540000, 0x6af00ee8, 0x6af01000, 0x6b15d000)
 Metaspace       used 9517K, capacity 9708K, committed 9752K, reserved 10544K
}
Event: 442.399 GC heap before
{Heap before GC invocations=66 (full 1):
 def new generation   total 5760K, used 5760K [0x65800000, 0x65e20000, 0x6a540000)
  eden space 5248K, 100% used [0x65800000, 0x65d20000, 0x65d20000)
  from space 512K, 100% used [0x65da0000, 0x65e20000, 0x65e20000)
  to   space 512K,   0% used [0x65d20000, 0x65d20000, 0x65da0000)
 tenured generation   total 12404K, used 9987K [0x6a540000, 0x6b15d000, 0x74000000)
   the space 12404K,  80% used [0x6a540000, 0x6af00ee8, 0x6af01000, 0x6b15d000)
 Metaspace       used 9517K, capacity 9708K, committed 9752K, reserved 10544K
Event: 442.406 GC heap after
Heap after GC invocations=67 (full 1):
 def new generation   total 5760K, used 473K [0x65800000, 0x65e20000, 0x6a540000)
  eden space 5248K,   0% used [0x65800000, 0x65800000, 0x65d20000)
  from space 512K,  92% used [0x65d20000, 0x65d96450, 0x65da0000)
  to   space 512K,   0% used [0x65da0000, 0x65da0000, 0x65e20000)
 tenured generation   total 12404K, used 9997K [0x6a540000, 0x6b15d000, 0x74000000)
   the space 12404K,  80% used [0x6a540000, 0x6af03708, 0x6af03800, 0x6b15d000)
 Metaspace       used 9517K, capacity 9708K, committed 9752K, reserved 10544K
}

Deoptimization events (0 events):
No events

Internal exceptions (10 events):
Event: 430.521 Thread 0x64501000 Exception <a 'java/net/SocketTimeoutException': Read timed out> (0x659b91c8) thrown at [/HUDSON/workspace/8-2-build-glinux-arm-vfp-hflt/jdk8u65/4987/hotspot/src/share/vm/prims/jni.cpp, line 735]
Event: 430.548 Thread 0x64501000 Exception <a 'java/net/SocketTimeoutException': Read timed out> (0x659e4140) thrown at [/HUDSON/workspace/8-2-build-glinux-arm-vfp-hflt/jdk8u65/4987/hotspot/src/share/vm/prims/jni.cpp, line 735]
Event: 450.681 Thread 0x64501000 Exception <a 'java/net/SocketTimeoutException': Read timed out> (0x65b83ee8) thrown at [/HUDSON/workspace/8-2-build-glinux-arm-vfp-hflt/jdk8u65/4987/hotspot/src/share/vm/prims/jni.cpp, line 735]
Event: 450.736 Thread 0x64501000 Exception <a 'java/net/SocketTimeoutException': Read timed out> (0x65b94b00) thrown at [/HUDSON/workspace/8-2-build-glinux-arm-vfp-hflt/jdk8u65/4987/hotspot/src/share/vm/prims/jni.cpp, line 735]
Event: 450.766 Thread 0x64501000 Exception <a 'java/net/SocketTimeoutException': Read timed out> (0x65ba56d0) thrown at [/HUDSON/workspace/8-2-build-glinux-arm-vfp-hflt/jdk8u65/4987/hotspot/src/share/vm/prims/jni.cpp, line 735]
Event: 450.813 Thread 0x64501000 Exception <a 'java/net/SocketTimeoutException': Read timed out> (0x65bb6258) thrown at [/HUDSON/workspace/8-2-build-glinux-arm-vfp-hflt/jdk8u65/4987/hotspot/src/share/vm/prims/jni.cpp, line 735]
Event: 450.866 Thread 0x64501000 Exception <a 'java/net/SocketTimeoutException': Read timed out> (0x65bc6e10) thrown at [/HUDSON/workspace/8-2-build-glinux-arm-vfp-hflt/jdk8u65/4987/hotspot/src/share/vm/prims/jni.cpp, line 735]
Event: 450.897 Thread 0x64501000 Exception <a 'java/net/SocketTimeoutException': Read timed out> (0x65bd79b0) thrown at [/HUDSON/workspace/8-2-build-glinux-arm-vfp-hflt/jdk8u65/4987/hotspot/src/share/vm/prims/jni.cpp, line 735]
Event: 450.926 Thread 0x64501000 Exception <a 'java/net/SocketTimeoutException': Read timed out> (0x65be8588) thrown at [/HUDSON/workspace/8-2-build-glinux-arm-vfp-hflt/jdk8u65/4987/hotspot/src/share/vm/prims/jni.cpp, line 735]
Event: 450.965 Thread 0x64501000 Exception <a 'java/net/SocketTimeoutException': Read timed out> (0x65bf9130) thrown at [/HUDSON/workspace/8-2-build-glinux-arm-vfp-hflt/jdk8u65/4987/hotspot/src/share/vm/prims/jni.cpp, line 735]

Events (10 events):
Event: 452.494 Thread 0x76180800 flushing nmethod 0x7414d108
Event: 452.532 Thread 0x76180800 flushing nmethod 0x742638c8
Event: 452.533 Thread 0x76180800 flushing nmethod 0x74263a88
Event: 452.533 Thread 0x76180800 flushing nmethod 0x74263c88
Event: 452.533 Thread 0x76180800 flushing nmethod 0x74264288
Event: 452.535 Thread 0x76180800 flushing nmethod 0x742fb248
Event: 452.672 loading class java/lang/CharacterData00
Event: 452.673 loading class java/lang/CharacterData00 done
Event: 452.679 loading class com/fasterxml/jackson/core/JsonLocation
Event: 452.679 loading class com/fasterxml/jackson/core/JsonLocation done


Dynamic libraries:
00008000-00009000 r-xp 00000000 b3:07 279522     /usr/lib/jvm/jdk-8-oracle-arm32-vfp-hflt/jre/bin/java
00010000-00011000 rw-p 00000000 b3:07 279522     /usr/lib/jvm/jdk-8-oracle-arm32-vfp-hflt/jre/bin/java
0150b000-0152c000 rw-p 00000000 00:00 0          [heap]
61c00000-61cca000 rw-p 00000000 00:00 0 
61cca000-61d00000 ---p 00000000 00:00 0 
61e00000-61e40000 rw-p 00000000 00:00 0 
61e40000-61f00000 ---p 00000000 00:00 0 
61f00000-62000000 rw-p 00000000 00:00 0 
62000000-620fd000 rw-p 00000000 00:00 0 
620fd000-62100000 ---p 00000000 00:00 0 
62193000-62196000 ---p 00000000 00:00 0 
62196000-621e3000 rw-p 00000000 00:00 0 
621e3000-621ff000 r--s 00393000 b3:07 279416     /usr/lib/jvm/jdk-8-oracle-arm32-vfp-hflt/jre/lib/ext/cldrdata.jar
621ff000-622ff000 rw-p 00000000 00:00 0 
622ff000-623ff000 rw-p 00000000 00:00 0 
623ff000-64000000 rw-p 00000000 00:00 0 
64000000-640ea000 rw-p 00000000 00:00 0 
640ea000-64100000 ---p 00000000 00:00 0 
64100000-64200000 rw-p 00000000 00:00 0 
64200000-64300000 rw-p 00000000 00:00 0 
64300000-643fe000 rw-p 00000000 00:00 0 
643fe000-64400000 ---p 00000000 00:00 0 
64400000-6440e000 r-xp 00000000 b3:07 279449     /usr/lib/jvm/jdk-8-oracle-arm32-vfp-hflt/jre/lib/arm/libnio.so
6440e000-64415000 ---p 0000e000 b3:07 279449     /usr/lib/jvm/jdk-8-oracle-arm32-vfp-hflt/jre/lib/arm/libnio.so
64415000-64416000 rw-p 0000d000 b3:07 279449     /usr/lib/jvm/jdk-8-oracle-arm32-vfp-hflt/jre/lib/arm/libnio.so
64416000-64419000 ---p 00000000 00:00 0 
64419000-64466000 rw-p 00000000 00:00 0 
64466000-64500000 r--s 00703000 b3:07 687809     /home/pi/Desktop/my-app/target/my-app-1.0-SNAPSHOT-jar-with-dependencies.jar
64500000-645a9000 rw-p 00000000 00:00 0 
645a9000-64600000 ---p 00000000 00:00 0 
6460a000-6461b000 r-xp 00000000 b3:07 396527     /lib/arm-linux-gnueabihf/libresolv-2.24.so
6461b000-6462b000 ---p 00011000 b3:07 396527     /lib/arm-linux-gnueabihf/libresolv-2.24.so
6462b000-6462c000 r--p 00011000 b3:07 396527     /lib/arm-linux-gnueabihf/libresolv-2.24.so
6462c000-6462d000 rw-p 00012000 b3:07 396527     /lib/arm-linux-gnueabihf/libresolv-2.24.so
6462d000-6462f000 rw-p 00000000 00:00 0 
6462f000-64632000 ---p 00000000 00:00 0 
64632000-6467f000 rw-p 00000000 00:00 0 
6467f000-64680000 ---p 00000000 00:00 0 
64680000-64700000 rw-p 00000000 00:00 0 
64700000-647fd000 rw-p 00000000 00:00 0 
647fd000-64800000 ---p 00000000 00:00 0 
64804000-64808000 r-xp 00000000 b3:07 396546     /lib/arm-linux-gnueabihf/libnss_dns-2.24.so
64808000-64817000 ---p 00004000 b3:07 396546     /lib/arm-linux-gnueabihf/libnss_dns-2.24.so
64817000-64818000 r--p 00003000 b3:07 396546     /lib/arm-linux-gnueabihf/libnss_dns-2.24.so
64818000-64819000 rw-p 00004000 b3:07 396546     /lib/arm-linux-gnueabihf/libnss_dns-2.24.so
6481d000-6482f000 r--s 00345000 b3:07 279399     /usr/lib/jvm/jdk-8-oracle-arm32-vfp-hflt/jre/lib/resources.jar
6482f000-64832000 ---p 00000000 00:00 0 
64832000-6487f000 rw-p 00000000 00:00 0 
6487f000-64883000 ---p 00000000 00:00 0 
64883000-64900000 rw-p 00000000 00:00 0 
64900000-64921000 rw-p 00000000 00:00 0 
64921000-64a00000 ---p 00000000 00:00 0 
64a02000-64a04000 r-xp 00000000 b3:07 396548     /lib/arm-linux-gnueabihf/libnss_mdns4_minimal.so.2
64a04000-64a13000 ---p 00002000 b3:07 396548     /lib/arm-linux-gnueabihf/libnss_mdns4_minimal.so.2
64a13000-64a14000 r--p 00001000 b3:07 396548     /lib/arm-linux-gnueabihf/libnss_mdns4_minimal.so.2
64a14000-64a15000 rw-p 00002000 b3:07 396548     /lib/arm-linux-gnueabihf/libnss_mdns4_minimal.so.2
64a15000-64a18000 ---p 00000000 00:00 0 
64a18000-64a65000 rw-p 00000000 00:00 0 
64a65000-64c00000 r--p 00000000 b3:07 287733     /usr/lib/locale/locale-archive
64c00000-64c21000 rw-p 00000000 00:00 0 
64c21000-64d00000 ---p 00000000 00:00 0 
64d00000-64d21000 rw-p 00000000 00:00 0 
64d21000-64e00000 ---p 00000000 00:00 0 
64e00000-64e49000 rw-p 00000000 00:00 0 
64e49000-64f00000 ---p 00000000 00:00 0 
64f0f000-64f3e000 r-xp 00000000 b3:07 279460     /usr/lib/jvm/jdk-8-oracle-arm32-vfp-hflt/jre/lib/arm/libsunec.so
64f3e000-64f46000 ---p 0002f000 b3:07 279460     /usr/lib/jvm/jdk-8-oracle-arm32-vfp-hflt/jre/lib/arm/libsunec.so
64f46000-64f49000 rw-p 0002f000 b3:07 279460     /usr/lib/jvm/jdk-8-oracle-arm32-vfp-hflt/jre/lib/arm/libsunec.so
64f49000-64f4e000 rw-p 00000000 00:00 0 
64f4e000-64f51000 ---p 00000000 00:00 0 
64f51000-64f9e000 rw-p 00000000 00:00 0 
64f9e000-64fa1000 ---p 00000000 00:00 0 
64fa1000-64fee000 rw-p 00000000 00:00 0 
64fee000-64fef000 ---p 00000000 00:00 0 
64fef000-650be000 rw-p 00000000 00:00 0 
650be000-65296000 r--s 03d20000 b3:07 279409     /usr/lib/jvm/jdk-8-oracle-arm32-vfp-hflt/jre/lib/rt.jar
65296000-65737000 rw-p 00000000 00:00 0 
65737000-6573d000 ---p 00000000 00:00 0 
6573d000-65744000 rw-p 00000000 00:00 0 
65744000-6578b000 ---p 00000000 00:00 0 
6578b000-6578f000 rw-p 00000000 00:00 0 
6578f000-657b1000 ---p 00000000 00:00 0 
657b1000-657b8000 rw-p 00000000 00:00 0 
657b8000-657ff000 ---p 00000000 00:00 0 
657ff000-65e20000 rw-p 00000000 00:00 0 
65e20000-6a540000 ---p 00000000 00:00 0 
6a540000-6b15d000 rw-p 00000000 00:00 0 
6b15d000-74000000 ---p 00000000 00:00 0 
7400b000-7401e000 r-xp 00000000 b3:07 279422     /usr/lib/jvm/jdk-8-oracle-arm32-vfp-hflt/jre/lib/arm/libnet.so
7401e000-74026000 ---p 00013000 b3:07 279422     /usr/lib/jvm/jdk-8-oracle-arm32-vfp-hflt/jre/lib/arm/libnet.so
74026000-74027000 rw-p 00013000 b3:07 279422     /usr/lib/jvm/jdk-8-oracle-arm32-vfp-hflt/jre/lib/arm/libnet.so
74027000-74033000 rw-p 00000000 00:00 0 
74033000-740a7000 ---p 00000000 00:00 0 
740a7000-74377000 rwxp 00000000 00:00 0 
74377000-760a7000 ---p 00000000 00:00 0 
760a7000-760be000 r-xp 00000000 b3:07 279455     /usr/lib/jvm/jdk-8-oracle-arm32-vfp-hflt/jre/lib/arm/libzip.so
760be000-760c5000 ---p 00017000 b3:07 279455     /usr/lib/jvm/jdk-8-oracle-arm32-vfp-hflt/jre/lib/arm/libzip.so
760c5000-760c6000 rw-p 00016000 b3:07 279455     /usr/lib/jvm/jdk-8-oracle-arm32-vfp-hflt/jre/lib/arm/libzip.so
760c6000-760cf000 r-xp 00000000 b3:07 396538     /lib/arm-linux-gnueabihf/libnss_files-2.24.so
760cf000-760de000 ---p 00009000 b3:07 396538     /lib/arm-linux-gnueabihf/libnss_files-2.24.so
760de000-760df000 r--p 00008000 b3:07 396538     /lib/arm-linux-gnueabihf/libnss_files-2.24.so
760df000-760e0000 rw-p 00009000 b3:07 396538     /lib/arm-linux-gnueabihf/libnss_files-2.24.so
760e0000-760e6000 rw-p 00000000 00:00 0 
760e6000-760ef000 r-xp 00000000 b3:07 396466     /lib/arm-linux-gnueabihf/libnss_nis-2.24.so
760ef000-760fe000 ---p 00009000 b3:07 396466     /lib/arm-linux-gnueabihf/libnss_nis-2.24.so
760fe000-760ff000 r--p 00008000 b3:07 396466     /lib/arm-linux-gnueabihf/libnss_nis-2.24.so
760ff000-76100000 rw-p 00009000 b3:07 396466     /lib/arm-linux-gnueabihf/libnss_nis-2.24.so
76100000-761f9000 rw-p 00000000 00:00 0 
761f9000-76200000 ---p 00000000 00:00 0 
76204000-7620e000 r--s 00116000 b3:07 279410     /usr/lib/jvm/jdk-8-oracle-arm32-vfp-hflt/jre/lib/ext/localedata.jar
7620e000-7621f000 r-xp 00000000 b3:07 396578     /lib/arm-linux-gnueabihf/libnsl-2.24.so
7621f000-7622e000 ---p 00011000 b3:07 396578     /lib/arm-linux-gnueabihf/libnsl-2.24.so
7622e000-7622f000 r--p 00010000 b3:07 396578     /lib/arm-linux-gnueabihf/libnsl-2.24.so
7622f000-76230000 rw-p 00011000 b3:07 396578     /lib/arm-linux-gnueabihf/libnsl-2.24.so
76230000-76232000 rw-p 00000000 00:00 0 
76232000-76238000 r-xp 00000000 b3:07 396534     /lib/arm-linux-gnueabihf/libnss_compat-2.24.so
76238000-76247000 ---p 00006000 b3:07 396534     /lib/arm-linux-gnueabihf/libnss_compat-2.24.so
76247000-76248000 r--p 00005000 b3:07 396534     /lib/arm-linux-gnueabihf/libnss_compat-2.24.so
76248000-76249000 rw-p 00006000 b3:07 396534     /lib/arm-linux-gnueabihf/libnss_compat-2.24.so
76250000-76256000 r--s 0003f000 b3:07 279417     /usr/lib/jvm/jdk-8-oracle-arm32-vfp-hflt/jre/lib/ext/sunjce_provider.jar
76256000-7625a000 r--s 0003a000 b3:07 279419     /usr/lib/jvm/jdk-8-oracle-arm32-vfp-hflt/jre/lib/ext/sunpkcs11.jar
7625a000-7625f000 r--s 00096000 b3:07 279390     /usr/lib/jvm/jdk-8-oracle-arm32-vfp-hflt/jre/lib/jsse.jar
7625f000-76282000 r-xp 00000000 b3:07 279433     /usr/lib/jvm/jdk-8-oracle-arm32-vfp-hflt/jre/lib/arm/libjava.so
76282000-7628a000 ---p 00023000 b3:07 279433     /usr/lib/jvm/jdk-8-oracle-arm32-vfp-hflt/jre/lib/arm/libjava.so
7628a000-7628b000 rw-p 00023000 b3:07 279433     /usr/lib/jvm/jdk-8-oracle-arm32-vfp-hflt/jre/lib/arm/libjava.so
7628b000-76291000 r-xp 00000000 b3:07 396489     /lib/arm-linux-gnueabihf/librt-2.24.so
76291000-762a0000 ---p 00006000 b3:07 396489     /lib/arm-linux-gnueabihf/librt-2.24.so
762a0000-762a1000 r--p 00005000 b3:07 396489     /lib/arm-linux-gnueabihf/librt-2.24.so
762a1000-762a2000 rw-p 00006000 b3:07 396489     /lib/arm-linux-gnueabihf/librt-2.24.so
762a2000-762a6000 ---p 00000000 00:00 0 
762a6000-762f3000 rw-p 00000000 00:00 0 
762f3000-76360000 r-xp 00000000 b3:07 396491     /lib/arm-linux-gnueabihf/libm-2.24.so
76360000-76370000 ---p 0006d000 b3:07 396491     /lib/arm-linux-gnueabihf/libm-2.24.so
76370000-76371000 r--p 0006d000 b3:07 396491     /lib/arm-linux-gnueabihf/libm-2.24.so
76371000-76372000 rw-p 0006e000 b3:07 396491     /lib/arm-linux-gnueabihf/libm-2.24.so
76372000-768f5000 r-xp 00000000 b3:07 279465     /usr/lib/jvm/jdk-8-oracle-arm32-vfp-hflt/jre/lib/arm/client/libjvm.so
768f5000-768fd000 ---p 00583000 b3:07 279465     /usr/lib/jvm/jdk-8-oracle-arm32-vfp-hflt/jre/lib/arm/client/libjvm.so
768fd000-76929000 rw-p 00583000 b3:07 279465     /usr/lib/jvm/jdk-8-oracle-arm32-vfp-hflt/jre/lib/arm/client/libjvm.so
76929000-76d4c000 rw-p 00000000 00:00 0 
76d4c000-76d68000 r-xp 00000000 b3:07 396512     /lib/arm-linux-gnueabihf/libgcc_s.so.1
76d68000-76d77000 ---p 0001c000 b3:07 396512     /lib/arm-linux-gnueabihf/libgcc_s.so.1
76d77000-76d78000 r--p 0001b000 b3:07 396512     /lib/arm-linux-gnueabihf/libgcc_s.so.1
76d78000-76d79000 rw-p 0001c000 b3:07 396512     /lib/arm-linux-gnueabihf/libgcc_s.so.1
76d79000-76ea3000 r-xp 00000000 b3:07 396631     /lib/arm-linux-gnueabihf/libc-2.24.so
76ea3000-76eb2000 ---p 0012a000 b3:07 396631     /lib/arm-linux-gnueabihf/libc-2.24.so
76eb2000-76eb4000 r--p 00129000 b3:07 396631     /lib/arm-linux-gnueabihf/libc-2.24.so
76eb4000-76eb5000 rw-p 0012b000 b3:07 396631     /lib/arm-linux-gnueabihf/libc-2.24.so
76eb5000-76eb8000 rw-p 00000000 00:00 0 
76eb8000-76eba000 r-xp 00000000 b3:07 396628     /lib/arm-linux-gnueabihf/libdl-2.24.so
76eba000-76ec9000 ---p 00002000 b3:07 396628     /lib/arm-linux-gnueabihf/libdl-2.24.so
76ec9000-76eca000 r--p 00001000 b3:07 396628     /lib/arm-linux-gnueabihf/libdl-2.24.so
76eca000-76ecb000 rw-p 00002000 b3:07 396628     /lib/arm-linux-gnueabihf/libdl-2.24.so
76ecb000-76edf000 r-xp 00000000 b3:07 279464     /usr/lib/jvm/jdk-8-oracle-arm32-vfp-hflt/jre/lib/arm/jli/libjli.so
76edf000-76ee7000 ---p 00014000 b3:07 279464     /usr/lib/jvm/jdk-8-oracle-arm32-vfp-hflt/jre/lib/arm/jli/libjli.so
76ee7000-76ee8000 rw-p 00014000 b3:07 279464     /usr/lib/jvm/jdk-8-oracle-arm32-vfp-hflt/jre/lib/arm/jli/libjli.so
76ee8000-76efe000 r-xp 00000000 b3:07 396598     /lib/arm-linux-gnueabihf/libpthread-2.24.so
76efe000-76f0d000 ---p 00016000 b3:07 396598     /lib/arm-linux-gnueabihf/libpthread-2.24.so
76f0d000-76f0e000 r--p 00015000 b3:07 396598     /lib/arm-linux-gnueabihf/libpthread-2.24.so
76f0e000-76f0f000 rw-p 00016000 b3:07 396598     /lib/arm-linux-gnueabihf/libpthread-2.24.so
76f0f000-76f11000 rw-p 00000000 00:00 0 
76f12000-76f15000 r--s 0001a000 b3:07 279384     /usr/lib/jvm/jdk-8-oracle-arm32-vfp-hflt/jre/lib/jce.jar
76f15000-76f1e000 r-xp 00000000 b3:07 279452     /usr/lib/jvm/jdk-8-oracle-arm32-vfp-hflt/jre/lib/arm/libverify.so
76f1e000-76f26000 ---p 00009000 b3:07 279452     /usr/lib/jvm/jdk-8-oracle-arm32-vfp-hflt/jre/lib/arm/libverify.so
76f26000-76f27000 rw-p 00009000 b3:07 279452     /usr/lib/jvm/jdk-8-oracle-arm32-vfp-hflt/jre/lib/arm/libverify.so
76f27000-76f2c000 r-xp 00000000 b3:07 276432     /usr/lib/arm-linux-gnueabihf/libarmmem.so
76f2c000-76f3b000 ---p 00005000 b3:07 276432     /usr/lib/arm-linux-gnueabihf/libarmmem.so
76f3b000-76f3c000 r--p 00004000 b3:07 276432     /usr/lib/arm-linux-gnueabihf/libarmmem.so
76f3c000-76f3d000 rw-p 00005000 b3:07 276432     /usr/lib/arm-linux-gnueabihf/libarmmem.so
76f3d000-76f5e000 r-xp 00000000 b3:07 396505     /lib/arm-linux-gnueabihf/ld-2.24.so
76f5e000-76f5f000 r--s 00009000 b3:07 279412     /usr/lib/jvm/jdk-8-oracle-arm32-vfp-hflt/jre/lib/ext/sunec.jar
76f5f000-76f60000 r--p 0019a000 b3:07 287733     /usr/lib/locale/locale-archive
76f60000-76f68000 rw-s 00000000 b3:07 416164     /tmp/hsperfdata_root/3253
76f68000-76f69000 r--p 00000000 00:00 0 
76f69000-76f6d000 rw-p 00000000 00:00 0 
76f6d000-76f6e000 r--p 00020000 b3:07 396505     /lib/arm-linux-gnueabihf/ld-2.24.so
76f6e000-76f6f000 rw-p 00021000 b3:07 396505     /lib/arm-linux-gnueabihf/ld-2.24.so
7eb5e000-7eb7f000 rw-p 00000000 00:00 0          [stack]
7ecee000-7ecef000 r-xp 00000000 00:00 0          [sigpage]
7ecef000-7ecf0000 r--p 00000000 00:00 0          [vvar]
7ecf0000-7ecf1000 r-xp 00000000 00:00 0          [vdso]
ffff0000-ffff1000 r-xp 00000000 00:00 0          [vectors]

VM Arguments:
java_command: /home/pi/Desktop/my-app/target/my-app-1.0-SNAPSHOT-jar-with-dependencies.jar
java_class_path (initial): /home/pi/Desktop/my-app/target/my-app-1.0-SNAPSHOT-jar-with-dependencies.jar
Launcher Type: SUN_STANDARD

Environment Variables:
PATH=/usr/local/sbin:/usr/local/bin:/usr/sbin:/usr/bin:/sbin:/bin:/usr/local/games:/usr/games
USERNAME=root
SHELL=/bin/bash
DISPLAY=:0.0

Signal Handlers:
SIGSEGV: [libjvm.so+0x506638], sa_mask[0]=11111111011111111101111111111110, sa_flags=SA_RESTART|SA_SIGINFO
SIGBUS: [libjvm.so+0x506638], sa_mask[0]=11111111011111111101111111111110, sa_flags=SA_RESTART|SA_SIGINFO
SIGFPE: [libjvm.so+0x3fd4ec], sa_mask[0]=11111111011111111101111111111110, sa_flags=SA_RESTART|SA_SIGINFO
SIGPIPE: [libjvm.so+0x3fd4ec], sa_mask[0]=11111111011111111101111111111110, sa_flags=SA_RESTART|SA_SIGINFO
SIGXFSZ: [libjvm.so+0x3fd4ec], sa_mask[0]=11111111011111111101111111111110, sa_flags=SA_RESTART|SA_SIGINFO
SIGILL: [libjvm.so+0x3fd4ec], sa_mask[0]=11111111011111111101111111111110, sa_flags=SA_RESTART|SA_SIGINFO
SIGUSR1: SIG_DFL, sa_mask[0]=00000000000000000000000000000000, sa_flags=none
SIGUSR2: [libjvm.so+0x3fd650], sa_mask[0]=00000000000000000000000000000000, sa_flags=SA_RESTART|SA_SIGINFO
SIGHUP: [libjvm.so+0x3fda84], sa_mask[0]=11111111011111111101111111111110, sa_flags=SA_RESTART|SA_SIGINFO
SIGINT: [libjvm.so+0x3fda84], sa_mask[0]=11111111011111111101111111111110, sa_flags=SA_RESTART|SA_SIGINFO
SIGTERM: [libjvm.so+0x3fda84], sa_mask[0]=11111111011111111101111111111110, sa_flags=SA_RESTART|SA_SIGINFO
SIGQUIT: [libjvm.so+0x3fda84], sa_mask[0]=11111111011111111101111111111110, sa_flags=SA_RESTART|SA_SIGINFO


---------------  S Y S T E M  ---------------

OS:PRETTY_NAME="Raspbian GNU/Linux 9 (stretch)"
NAME="Raspbian GNU/Linux"
VERSION_ID="9"
VERSION="9 (stretch)"
ID=raspbian
ID_LIKE=debian
HOME_URL="http://www.raspbian.org/"
SUPPORT_URL="http://www.raspbian.org/RaspbianForums"
BUG_REPORT_URL="http://www.raspbian.org/RaspbianBugs"

uname:Linux 4.14.98-v7+ #1200 SMP Tue Feb 12 20:27:48 GMT 2019 armv7l
libc:glibc 2.24 NPTL 2.24 
rlimit: STACK 8192k, CORE 0k, NPROC 7345, NOFILE 1048576, AS infinity
load average:2.48 1.79 1.17

/proc/meminfo:
MemTotal:         949448 kB
MemFree:           92668 kB
MemAvailable:     154704 kB
Buffers:            2984 kB
Cached:           125404 kB
SwapCached:         1440 kB
Active:           386640 kB
Inactive:         419556 kB
Active(anon):     322720 kB
Inactive(anon):   382960 kB
Active(file):      63920 kB
Inactive(file):    36596 kB
Unevictable:          12 kB
Mlocked:              12 kB
SwapTotal:        102396 kB
SwapFree:           8720 kB
Dirty:              1540 kB
Writeback:             0 kB
AnonPages:        676660 kB
Mapped:           108160 kB
Shmem:             27776 kB
Slab:              27500 kB
SReclaimable:      13132 kB
SUnreclaim:        14368 kB
KernelStack:        3496 kB
PageTables:         8760 kB
NFS_Unstable:          0 kB
Bounce:                0 kB
WritebackTmp:          0 kB
CommitLimit:      577120 kB
Committed_AS:    2739428 kB
VmallocTotal:    1114112 kB
VmallocUsed:           0 kB
VmallocChunk:          0 kB
CmaTotal:           8192 kB
CmaFree:            6792 kB


CPU:total 4 (ARMv7), vfp

/proc/cpuinfo:
processor	: 0
model name	: ARMv7 Processor rev 4 (v7l)
BogoMIPS	: 89.60
Features	: half thumb fastmult vfp edsp neon vfpv3 tls vfpv4 idiva idivt vfpd32 lpae evtstrm crc32 
CPU implementer	: 0x41
CPU architecture: 7
CPU variant	: 0x0
CPU part	: 0xd03
CPU revision	: 4

processor	: 1
model name	: ARMv7 Processor rev 4 (v7l)
BogoMIPS	: 89.60
Features	: half thumb fastmult vfp edsp neon vfpv3 tls vfpv4 idiva idivt vfpd32 lpae evtstrm crc32 
CPU implementer	: 0x41
CPU architecture: 7
CPU variant	: 0x0
CPU part	: 0xd03
CPU revision	: 4

processor	: 2
model name	: ARMv7 Processor rev 4 (v7l)
BogoMIPS	: 89.60
Features	: half thumb fastmult vfp edsp neon vfpv3 tls vfpv4 idiva idivt vfpd32 lpae evtstrm crc32 
CPU implementer	: 0x41
CPU architecture: 7
CPU variant	: 0x0
CPU part	: 0xd03
CPU revision	: 4

processor	: 3
model name	: ARMv7 Processor rev 4 (v7l)
BogoMIPS	: 89.60
Features	: half thumb fastmult vfp edsp neon vfpv3 tls vfpv4 idiva idivt vfpd32 lpae evtstrm crc32 
CPU implementer	: 0x41
CPU architecture: 7
CPU variant	: 0x0
CPU part	: 0xd03
CPU revision	: 4

Hardware	: BCM2835
Revision	: a020d3
Serial		: 00000000404dcb5d


Memory: 4k page, physical 949448k(92668k free), swap 102396k(8720k free)

vm_info: Java HotSpot(TM) Client VM (25.65-b01) for linux-arm-vfp-hflt JRE (1.8.0_65-b17), built on Oct  6 2015 16:19:04 by "java_re" with gcc 4.7.2 20120910 (prerelease)

time: Sun Sep  1 20:15:05 2019
elapsed time: 452 seconds (0d 0h 7m 32s)

