#
# A fatal error has been detected by the Java Runtime Environment:
#
#  SIGBUS (0x7) at pc=0x760927c0, pid=3383, tid=1684530288
#
# JRE version: Java(TM) SE Runtime Environment (8.0_65-b17) (build 1.8.0_65-b17)
# Java VM: Java HotSpot(TM) Client VM (25.65-b01 mixed mode linux-arm )
# Problematic frame:
# C  [libzip.so+0xf7c0]
#
# Failed to write core dump. Core dumps have been disabled. To enable core dumping, try "ulimit -c unlimited" before starting Java again
#
# If you would like to submit a bug report, please visit:
#   http://bugreport.java.com/bugreport/crash.jsp
# The crash happened outside the Java Virtual Machine in native code.
# See problematic frame for where to report the bug.
#

---------------  T H R E A D  ---------------

Current thread (0x6400f000):  JavaThread "Thread-1" [_thread_in_native, id=3399, stack(0x6462f000,0x6467f000)]

siginfo: si_signo: 7 (SIGBUS), si_code: 2 (BUS_ADRERR), si_addr: 0x644c31bb

Registers:
  r0  = 0x6458c370
  r1  = 0x00000000
  r2  = 0x00703000
  r3  = 0x64466000
  r4  = 0x644c31ae
  r5  = 0x76188be0
  r6  = 0x6458c370
  r7  = 0x761d9d88
  r8  = 0x6467c7d4
  r9  = 0x00000001
  r10 = 0x0000002d
  fp  = 0x6458cdf0
  r12 = 0x6458c370
  sp  = 0x6467c738
  lr  = 0x76dc2370
  pc  = 0x760927c0
  cpsr = 0x20000010

Top of Stack: (sp=0x6467c738)
0x6467c738:   00000000 0000002c 6467cfc8 768e7fb8
0x6467c748:   76e8c000 65296588 76893aba 76d90e50
0x6467c758:   76e8c000 76e8a7a8 76e8ab44 00000000
0x6467c768:   00000000 0000002d 76188be0 71bf252c
0x6467c778:   0000002d 761d9d88 76188be0 71bf252c
0x6467c788:   6467c801 6467c7d4 00000001 0000002d
0x6467c798:   6458cdf0 760941e4 00000001 0000002d
0x6467c7a8:   6400f13c 6467c7d4 6467cc00 00000001 

Instructions: (pc=0x760927c0)
0x760927a0:   e3a030a0 e58d3000 e1c720d8 e1a00005
0x760927b0:   ebffffa7 e1a04000 e3540000 0a000093
0x760927c0:   e5d4000d e5d4100e e5d4300c e5d4200f
0x760927d0:   e1833400 e1812402 e5d4c020 e1832802 

Register to memory mapping:

  r0  = 0x6458c370
0x6458c370 is an unknown value

  r1  = 0x00000000
0x00000000 is an unknown value

  r2  = 0x00703000
0x00703000 is an unknown value

  r3  = 0x64466000
0x64466000 is pointing into the stack for thread: 0x64501000

  r4  = 0x644c31ae
0x644c31ae is an unknown value

  r5  = 0x76188be0
0x76188be0 is an unknown value

  r6  = 0x6458c370
0x6458c370 is an unknown value

  r7  = 0x761d9d88
0x761d9d88 is an unknown value

  r8  = 0x6467c7d4
0x6467c7d4 is pointing into the stack for thread: 0x6400f000

  r9  = 0x00000001
0x00000001 is an unknown value

  r10 = 0x0000002d
0x0000002d is an unknown value

  fp  = 0x6458cdf0
0x6458cdf0 is an unknown value

  r12 = 0x6458c370
0x6458c370 is an unknown value

  sp  = 0x6467c738
0x6467c738 is pointing into the stack for thread: 0x6400f000

  lr  = 0x76dc2370
0x76dc2370: __libc_malloc+0x64 in /lib/arm-linux-gnueabihf/libc.so.6 at 0x76d51000

  pc  = 0x760927c0
0x760927c0: <offset 0xf7c0> in /usr/lib/jvm/jdk-8-oracle-arm32-vfp-hflt/jre/lib/arm/libzip.so at 0x76083000



Stack: [0x6462f000,0x6467f000],  sp=0x6467c738,  free space=309k
Native frames: (J=compiled Java code, j=interpreted, Vv=VM code, C=native code)
C  [libzip.so+0xf7c0]

Java frames: (J=compiled Java code, j=interpreted, Vv=VM code)
J 389  java.util.zip.ZipFile.getEntry(J[BZ)J (0 bytes) @ 0x7413387c [0x74133820+0x5c]
j  java.util.zip.ZipFile.getEntry(Ljava/lang/String;)Ljava/util/zip/ZipEntry;+38
j  java.util.jar.JarFile.getEntry(Ljava/lang/String;)Ljava/util/zip/ZipEntry;+2
j  java.util.jar.JarFile.getJarEntry(Ljava/lang/String;)Ljava/util/jar/JarEntry;+2
j  sun.misc.URLClassPath$JarLoader.getResource(Ljava/lang/String;Z)Lsun/misc/Resource;+42
j  sun.misc.URLClassPath.getResource(Ljava/lang/String;Z)Lsun/misc/Resource;+62
j  java.net.URLClassLoader$1.run()Ljava/lang/Class;+26
j  java.net.URLClassLoader$1.run()Ljava/lang/Object;+1
v  ~StubRoutines::call_stub
J 445  java.security.AccessController.doPrivileged(Ljava/security/PrivilegedExceptionAction;Ljava/security/AccessControlContext;)Ljava/lang/Object; (0 bytes) @ 0x7415dff8 [0x7415dfa0+0x58]
j  java.net.URLClassLoader.findClass(Ljava/lang/String;)Ljava/lang/Class;+13
j  java.lang.ClassLoader.loadClass(Ljava/lang/String;Z)Ljava/lang/Class;+70
j  sun.misc.Launcher$AppClassLoader.loadClass(Ljava/lang/String;Z)Ljava/lang/Class;+81
j  java.lang.ClassLoader.loadClass(Ljava/lang/String;)Ljava/lang/Class;+3
v  ~StubRoutines::call_stub
j  com.fasterxml.jackson.core.json.ReaderBasedJsonParser.getCurrentLocation()Lcom/fasterxml/jackson/core/JsonLocation;+12
j  com.fasterxml.jackson.core.JsonParseException.<init>(Lcom/fasterxml/jackson/core/JsonParser;Ljava/lang/String;)V+11
j  com.fasterxml.jackson.core.JsonParser._constructError(Ljava/lang/String;)Lcom/fasterxml/jackson/core/JsonParseException;+6
j  com.fasterxml.jackson.core.base.ParserMinimalBase._reportError(Ljava/lang/String;Ljava/lang/Object;Ljava/lang/Object;)V+17
j  com.fasterxml.jackson.core.json.ReaderBasedJsonParser._reportInvalidToken(Ljava/lang/String;Ljava/lang/String;)V+96
j  com.fasterxml.jackson.core.json.ReaderBasedJsonParser._handleOddValue(I)Lcom/fasterxml/jackson/core/JsonToken;+261
j  com.fasterxml.jackson.core.json.ReaderBasedJsonParser.nextToken()Lcom/fasterxml/jackson/core/JsonToken;+471
j  com.google.api.client.json.jackson2.JacksonParser.nextToken()Lcom/google/api/client/json/JsonToken;+4
j  com.google.api.client.json.JsonParser.startParsing()Lcom/google/api/client/json/JsonToken;+10
j  com.google.api.client.json.JsonParser.parse(Ljava/lang/reflect/Type;ZLcom/google/api/client/json/CustomizeJsonParser;)Ljava/lang/Object;+10
j  com.google.api.client.json.JsonParser.parse(Ljava/lang/Class;Lcom/google/api/client/json/CustomizeJsonParser;)Ljava/lang/Object;+4
j  com.google.api.client.json.JsonParser.parseAndClose(Ljava/lang/Class;Lcom/google/api/client/json/CustomizeJsonParser;)Ljava/lang/Object;+3
j  com.google.api.client.json.JsonParser.parseAndClose(Ljava/lang/Class;)Ljava/lang/Object;+3
j  com.google.api.client.json.JsonFactory.fromReader(Ljava/io/Reader;Ljava/lang/Class;)Ljava/lang/Object;+6
j  com.google.api.client.googleapis.auth.oauth2.GoogleClientSecrets.load(Lcom/google/api/client/json/JsonFactory;Ljava/io/Reader;)Lcom/google/api/client/googleapis/auth/oauth2/GoogleClientSecrets;+5
j  com.mycompany.app.finalTest.getCredentials(Lcom/google/api/client/http/javanet/NetHttpTransport;)Lcom/google/api/client/auth/oauth2/Credential;+33
j  com.mycompany.app.finalTest.getEvents(Ljava/lang/String;)Ljava/util/List;+13
j  com.mycompany.app.finalTest.access$200(Ljava/lang/String;)Ljava/util/List;+1
j  com.mycompany.app.finalTest$calLoop.run()V+157
j  java.lang.Thread.run()V+11
v  ~StubRoutines::call_stub

---------------  P R O C E S S  ---------------

Java Threads: ( => current thread )
  0x64501000 JavaThread "Thread-2" [_thread_blocked, id=3400, stack(0x64416000,0x64466000)]
=>0x6400f000 JavaThread "Thread-1" [_thread_in_native, id=3399, stack(0x6462f000,0x6467f000)]
  0x76183c00 JavaThread "Service Thread" daemon [_thread_blocked, id=3392, stack(0x6482f000,0x6487f000)]
  0x76180800 JavaThread "C1 CompilerThread0" daemon [_thread_blocked, id=3391, stack(0x64880000,0x64900000)]
  0x7617f000 JavaThread "Signal Dispatcher" daemon [_thread_blocked, id=3390, stack(0x64a15000,0x64a65000)]
  0x76162000 JavaThread "Finalizer" daemon [_thread_blocked, id=3387, stack(0x64f4e000,0x64f9e000)]
  0x76160800 JavaThread "Reference Handler" daemon [_thread_blocked, id=3386, stack(0x64f9e000,0x64fee000)]
  0x76107400 JavaThread "main" [_thread_blocked, id=3384, stack(0x7627b000,0x762cb000)]

Other Threads:
  0x7615d800 VMThread [stack: 0x64fef000,0x6506f000] [id=3385]
  0x76185c00 WatcherThread [stack: 0x64680000,0x64700000] [id=3393]

VM state:not at safepoint (normal execution)

VM Mutex/Monitor currently owned by a thread: None

Heap:
 def new generation   total 5376K, used 1100K [0x65800000, 0x65dc0000, 0x6a540000)
  eden space 4864K,  13% used [0x65800000, 0x658a1428, 0x65cc0000)
  from space 512K,  88% used [0x65cc0000, 0x65d31ca8, 0x65d40000)
  to   space 512K,   0% used [0x65d40000, 0x65d40000, 0x65dc0000)
 tenured generation   total 11520K, used 9969K [0x6a540000, 0x6b080000, 0x74000000)
   the space 11520K,  86% used [0x6a540000, 0x6aefc6a8, 0x6aefc800, 0x6b080000)
 Metaspace       used 9532K, capacity 9708K, committed 9752K, reserved 10544K

Card table byte_map: [0x6578b000,0x65800000] byte_map_base: 0x6545f000

Polling page: 0x76f40000

CodeCache: size=32768Kb used=2257Kb max_used=2878Kb free=30510Kb
 bounds [0x74083000, 0x7435b000, 0x76083000]
 total_blobs=1140 nmethods=956 adapters=116
 compilation: enabled

Compilation events (10 events):
Event: 427.452 Thread 0x76180800 2694             org.apache.http.message.BasicNameValuePair::getName (5 bytes)
Event: 427.453 Thread 0x76180800 nmethod 2694 0x74259508 code [0x742595e0, 0x74259668]
Event: 427.454 Thread 0x76180800 2695             org.apache.http.message.BasicNameValuePair::getValue (5 bytes)
Event: 427.455 Thread 0x76180800 nmethod 2695 0x74259348 code [0x74259420, 0x742594a8]
Event: 427.492 Thread 0x76180800 2696             java.util.Calendar::set (72 bytes)
Event: 427.494 Thread 0x76180800 nmethod 2696 0x74288908 code [0x74288a10, 0x74288b90]
Event: 428.496 Thread 0x76180800 2697             java.nio.Buffer::<init> (121 bytes)
Event: 428.499 Thread 0x76180800 nmethod 2697 0x74287d88 code [0x74287f30, 0x74288454]
Event: 428.499 Thread 0x76180800 2698             org.apache.http.util.CharArrayBuffer::charAt (7 bytes)
Event: 428.499 Thread 0x76180800 nmethod 2698 0x74259108 code [0x742591f0, 0x74259298]

GC Heap History (10 events):
Event: 394.828 GC heap before
{Heap before GC invocations=63 (full 1):
 def new generation   total 5376K, used 5376K [0x65800000, 0x65dc0000, 0x6a540000)
  eden space 4864K, 100% used [0x65800000, 0x65cc0000, 0x65cc0000)
  from space 512K, 100% used [0x65d40000, 0x65dc0000, 0x65dc0000)
  to   space 512K,   0% used [0x65cc0000, 0x65cc0000, 0x65d40000)
 tenured generation   total 11520K, used 9627K [0x6a540000, 0x6b080000, 0x74000000)
   the space 11520K,  83% used [0x6a540000, 0x6aea6ec0, 0x6aea7000, 0x6b080000)
 Metaspace       used 9524K, capacity 9708K, committed 9752K, reserved 10544K
Event: 394.834 GC heap after
Heap after GC invocations=64 (full 1):
 def new generation   total 5376K, used 379K [0x65800000, 0x65dc0000, 0x6a540000)
  eden space 4864K,   0% used [0x65800000, 0x65800000, 0x65cc0000)
  from space 512K,  74% used [0x65cc0000, 0x65d1ef20, 0x65d40000)
  to   space 512K,   0% used [0x65d40000, 0x65d40000, 0x65dc0000)
 tenured generation   total 11520K, used 9697K [0x6a540000, 0x6b080000, 0x74000000)
   the space 11520K,  84% used [0x6a540000, 0x6aeb8748, 0x6aeb8800, 0x6b080000)
 Metaspace       used 9524K, capacity 9708K, committed 9752K, reserved 10544K
}
Event: 404.940 GC heap before
{Heap before GC invocations=64 (full 1):
 def new generation   total 5376K, used 5243K [0x65800000, 0x65dc0000, 0x6a540000)
  eden space 4864K, 100% used [0x65800000, 0x65cc0000, 0x65cc0000)
  from space 512K,  74% used [0x65cc0000, 0x65d1ef20, 0x65d40000)
  to   space 512K,   0% used [0x65d40000, 0x65d40000, 0x65dc0000)
 tenured generation   total 11520K, used 9697K [0x6a540000, 0x6b080000, 0x74000000)
   the space 11520K,  84% used [0x6a540000, 0x6aeb8748, 0x6aeb8800, 0x6b080000)
 Metaspace       used 9524K, capacity 9708K, committed 9752K, reserved 10544K
Event: 404.946 GC heap after
Heap after GC invocations=65 (full 1):
 def new generation   total 5376K, used 313K [0x65800000, 0x65dc0000, 0x6a540000)
  eden space 4864K,   0% used [0x65800000, 0x65800000, 0x65cc0000)
  from space 512K,  61% used [0x65d40000, 0x65d8e6f0, 0x65dc0000)
  to   space 512K,   0% used [0x65cc0000, 0x65cc0000, 0x65d40000)
 tenured generation   total 11520K, used 9763K [0x6a540000, 0x6b080000, 0x74000000)
   the space 11520K,  84% used [0x6a540000, 0x6aec8d50, 0x6aec8e00, 0x6b080000)
 Metaspace       used 9524K, capacity 9708K, committed 9752K, reserved 10544K
}
Event: 408.135 GC heap before
{Heap before GC invocations=65 (full 1):
 def new generation   total 5376K, used 5177K [0x65800000, 0x65dc0000, 0x6a540000)
  eden space 4864K, 100% used [0x65800000, 0x65cc0000, 0x65cc0000)
  from space 512K,  61% used [0x65d40000, 0x65d8e6f0, 0x65dc0000)
  to   space 512K,   0% used [0x65cc0000, 0x65cc0000, 0x65d40000)
 tenured generation   total 11520K, used 9763K [0x6a540000, 0x6b080000, 0x74000000)
   the space 11520K,  84% used [0x6a540000, 0x6aec8d50, 0x6aec8e00, 0x6b080000)
 Metaspace       used 9524K, capacity 9708K, committed 9752K, reserved 10544K
Event: 408.147 GC heap after
Heap after GC invocations=66 (full 1):
 def new generation   total 5376K, used 512K [0x65800000, 0x65dc0000, 0x6a540000)
  eden space 4864K,   0% used [0x65800000, 0x65800000, 0x65cc0000)
  from space 512K, 100% used [0x65cc0000, 0x65d40000, 0x65d40000)
  to   space 512K,   0% used [0x65d40000, 0x65d40000, 0x65dc0000)
 tenured generation   total 11520K, used 9889K [0x6a540000, 0x6b080000, 0x74000000)
   the space 11520K,  85% used [0x6a540000, 0x6aee8628, 0x6aee8800, 0x6b080000)
 Metaspace       used 9524K, capacity 9708K, committed 9752K, reserved 10544K
}
Event: 417.536 GC heap before
{Heap before GC invocations=66 (full 1):
 def new generation   total 5376K, used 5376K [0x65800000, 0x65dc0000, 0x6a540000)
  eden space 4864K, 100% used [0x65800000, 0x65cc0000, 0x65cc0000)
  from space 512K, 100% used [0x65cc0000, 0x65d40000, 0x65d40000)
  to   space 512K,   0% used [0x65d40000, 0x65d40000, 0x65dc0000)
 tenured generation   total 11520K, used 9889K [0x6a540000, 0x6b080000, 0x74000000)
   the space 11520K,  85% used [0x6a540000, 0x6aee8628, 0x6aee8800, 0x6b080000)
 Metaspace       used 9524K, capacity 9708K, committed 9752K, reserved 10544K
Event: 417.540 GC heap after
Heap after GC invocations=67 (full 1):
 def new generation   total 5376K, used 266K [0x65800000, 0x65dc0000, 0x6a540000)
  eden space 4864K,   0% used [0x65800000, 0x65800000, 0x65cc0000)
  from space 512K,  52% used [0x65d40000, 0x65d829b0, 0x65dc0000)
  to   space 512K,   0% used [0x65cc0000, 0x65cc0000, 0x65d40000)
 tenured generation   total 11520K, used 9915K [0x6a540000, 0x6b080000, 0x74000000)
   the space 11520K,  86% used [0x6a540000, 0x6aeeec78, 0x6aeeee00, 0x6b080000)
 Metaspace       used 9524K, capacity 9708K, committed 9752K, reserved 10544K
}
Event: 424.200 GC heap before
{Heap before GC invocations=67 (full 1):
 def new generation   total 5376K, used 5130K [0x65800000, 0x65dc0000, 0x6a540000)
  eden space 4864K, 100% used [0x65800000, 0x65cc0000, 0x65cc0000)
  from space 512K,  52% used [0x65d40000, 0x65d829b0, 0x65dc0000)
  to   space 512K,   0% used [0x65cc0000, 0x65cc0000, 0x65d40000)
 tenured generation   total 11520K, used 9915K [0x6a540000, 0x6b080000, 0x74000000)
   the space 11520K,  86% used [0x6a540000, 0x6aeeec78, 0x6aeeee00, 0x6b080000)
 Metaspace       used 9524K, capacity 9708K, committed 9752K, reserved 10544K
Event: 424.219 GC heap after
Heap after GC invocations=68 (full 1):
 def new generation   total 5376K, used 455K [0x65800000, 0x65dc0000, 0x6a540000)
  eden space 4864K,   0% used [0x65800000, 0x65800000, 0x65cc0000)
  from space 512K,  88% used [0x65cc0000, 0x65d31ca8, 0x65d40000)
  to   space 512K,   0% used [0x65d40000, 0x65d40000, 0x65dc0000)
 tenured generation   total 11520K, used 9969K [0x6a540000, 0x6b080000, 0x74000000)
   the space 11520K,  86% used [0x6a540000, 0x6aefc6a8, 0x6aefc800, 0x6b080000)
 Metaspace       used 9524K, capacity 9708K, committed 9752K, reserved 10544K
}

Deoptimization events (0 events):
No events

Internal exceptions (10 events):
Event: 390.611 Thread 0x64501000 Exception <a 'java/net/SocketTimeoutException': Read timed out> (0x65961c90) thrown at [/HUDSON/workspace/8-2-build-glinux-arm-vfp-hflt/jdk8u65/4987/hotspot/src/share/vm/prims/jni.cpp, line 735]
Event: 410.655 Thread 0x64501000 Exception <a 'java/net/SocketTimeoutException': Read timed out> (0x65904ac0) thrown at [/HUDSON/workspace/8-2-build-glinux-arm-vfp-hflt/jdk8u65/4987/hotspot/src/share/vm/prims/jni.cpp, line 735]
Event: 410.683 Thread 0x64501000 Exception <a 'java/net/SocketTimeoutException': Read timed out> (0x65915670) thrown at [/HUDSON/workspace/8-2-build-glinux-arm-vfp-hflt/jdk8u65/4987/hotspot/src/share/vm/prims/jni.cpp, line 735]
Event: 410.713 Thread 0x64501000 Exception <a 'java/net/SocketTimeoutException': Read timed out> (0x65926210) thrown at [/HUDSON/workspace/8-2-build-glinux-arm-vfp-hflt/jdk8u65/4987/hotspot/src/share/vm/prims/jni.cpp, line 735]
Event: 410.741 Thread 0x64501000 Exception <a 'java/net/SocketTimeoutException': Read timed out> (0x65936da8) thrown at [/HUDSON/workspace/8-2-build-glinux-arm-vfp-hflt/jdk8u65/4987/hotspot/src/share/vm/prims/jni.cpp, line 735]
Event: 410.769 Thread 0x64501000 Exception <a 'java/net/SocketTimeoutException': Read timed out> (0x65947950) thrown at [/HUDSON/workspace/8-2-build-glinux-arm-vfp-hflt/jdk8u65/4987/hotspot/src/share/vm/prims/jni.cpp, line 735]
Event: 410.796 Thread 0x64501000 Exception <a 'java/net/SocketTimeoutException': Read timed out> (0x659584f0) thrown at [/HUDSON/workspace/8-2-build-glinux-arm-vfp-hflt/jdk8u65/4987/hotspot/src/share/vm/prims/jni.cpp, line 735]
Event: 410.826 Thread 0x64501000 Exception <a 'java/net/SocketTimeoutException': Read timed out> (0x65969088) thrown at [/HUDSON/workspace/8-2-build-glinux-arm-vfp-hflt/jdk8u65/4987/hotspot/src/share/vm/prims/jni.cpp, line 735]
Event: 410.854 Thread 0x64501000 Exception <a 'java/net/SocketTimeoutException': Read timed out> (0x65979c30) thrown at [/HUDSON/workspace/8-2-build-glinux-arm-vfp-hflt/jdk8u65/4987/hotspot/src/share/vm/prims/jni.cpp, line 735]
Event: 410.881 Thread 0x64501000 Exception <a 'java/net/SocketTimeoutException': Read timed out> (0x6598a7d0) thrown at [/HUDSON/workspace/8-2-build-glinux-arm-vfp-hflt/jdk8u65/4987/hotspot/src/share/vm/prims/jni.cpp, line 735]

Events (10 events):
Event: 423.134 Thread 0x76180800 flushing nmethod 0x742874c8
Event: 424.199 Executing VM operation: GenCollectForAllocation
Event: 424.220 Executing VM operation: GenCollectForAllocation done
Event: 427.455 Thread 0x76180800 flushing nmethod 0x74287c08
Event: 427.455 Thread 0x76180800 flushing nmethod 0x742885c8
Event: 427.455 Thread 0x76180800 flushing nmethod 0x7428b0c8
Event: 429.075 loading class java/lang/CharacterData00
Event: 429.076 loading class java/lang/CharacterData00 done
Event: 429.082 loading class com/fasterxml/jackson/core/JsonLocation
Event: 429.082 loading class com/fasterxml/jackson/core/JsonLocation done


Dynamic libraries:
00008000-00009000 r-xp 00000000 b3:07 279522     /usr/lib/jvm/jdk-8-oracle-arm32-vfp-hflt/jre/bin/java
00010000-00011000 rw-p 00000000 b3:07 279522     /usr/lib/jvm/jdk-8-oracle-arm32-vfp-hflt/jre/bin/java
00878000-00899000 rw-p 00000000 00:00 0          [heap]
61c00000-61ccb000 rw-p 00000000 00:00 0 
61ccb000-61d00000 ---p 00000000 00:00 0 
61e00000-61e40000 rw-p 00000000 00:00 0 
61e40000-61f00000 ---p 00000000 00:00 0 
61f00000-61ffa000 rw-p 00000000 00:00 0 
61ffa000-62000000 ---p 00000000 00:00 0 
6206e000-62071000 ---p 00000000 00:00 0 
62071000-621be000 rw-p 00000000 00:00 0 
621be000-621da000 r--s 00393000 b3:07 279416     /usr/lib/jvm/jdk-8-oracle-arm32-vfp-hflt/jre/lib/ext/cldrdata.jar
621da000-622da000 rw-p 00000000 00:00 0 
622da000-622eb000 r-xp 00000000 b3:07 396527     /lib/arm-linux-gnueabihf/libresolv-2.24.so
622eb000-622fb000 ---p 00011000 b3:07 396527     /lib/arm-linux-gnueabihf/libresolv-2.24.so
622fb000-622fc000 r--p 00011000 b3:07 396527     /lib/arm-linux-gnueabihf/libresolv-2.24.so
622fc000-622fd000 rw-p 00012000 b3:07 396527     /lib/arm-linux-gnueabihf/libresolv-2.24.so
622fd000-64000000 rw-p 00000000 00:00 0 
64000000-640fb000 rw-p 00000000 00:00 0 
640fb000-64100000 ---p 00000000 00:00 0 
64100000-64200000 rw-p 00000000 00:00 0 
64200000-64300000 rw-p 00000000 00:00 0 
64300000-64400000 rw-p 00000000 00:00 0 
64416000-64419000 ---p 00000000 00:00 0 
64419000-64466000 rw-p 00000000 00:00 0 
64466000-64500000 r--s 00703000 b3:07 687809     /home/pi/Desktop/my-app/target/my-app-1.0-SNAPSHOT-jar-with-dependencies.jar
64500000-6459d000 rw-p 00000000 00:00 0 
6459d000-64600000 ---p 00000000 00:00 0 
64604000-64608000 r-xp 00000000 b3:07 396546     /lib/arm-linux-gnueabihf/libnss_dns-2.24.so
64608000-64617000 ---p 00004000 b3:07 396546     /lib/arm-linux-gnueabihf/libnss_dns-2.24.so
64617000-64618000 r--p 00003000 b3:07 396546     /lib/arm-linux-gnueabihf/libnss_dns-2.24.so
64618000-64619000 rw-p 00004000 b3:07 396546     /lib/arm-linux-gnueabihf/libnss_dns-2.24.so
64619000-64627000 r-xp 00000000 b3:07 279449     /usr/lib/jvm/jdk-8-oracle-arm32-vfp-hflt/jre/lib/arm/libnio.so
64627000-6462e000 ---p 0000e000 b3:07 279449     /usr/lib/jvm/jdk-8-oracle-arm32-vfp-hflt/jre/lib/arm/libnio.so
6462e000-6462f000 rw-p 0000d000 b3:07 279449     /usr/lib/jvm/jdk-8-oracle-arm32-vfp-hflt/jre/lib/arm/libnio.so
6462f000-64632000 ---p 00000000 00:00 0 
64632000-6467f000 rw-p 00000000 00:00 0 
6467f000-64680000 ---p 00000000 00:00 0 
64680000-64700000 rw-p 00000000 00:00 0 
64700000-647fc000 rw-p 00000000 00:00 0 
647fc000-64800000 ---p 00000000 00:00 0 
64801000-64813000 r--s 00345000 b3:07 279399     /usr/lib/jvm/jdk-8-oracle-arm32-vfp-hflt/jre/lib/resources.jar
64813000-64826000 r-xp 00000000 b3:07 279422     /usr/lib/jvm/jdk-8-oracle-arm32-vfp-hflt/jre/lib/arm/libnet.so
64826000-6482e000 ---p 00013000 b3:07 279422     /usr/lib/jvm/jdk-8-oracle-arm32-vfp-hflt/jre/lib/arm/libnet.so
6482e000-6482f000 rw-p 00013000 b3:07 279422     /usr/lib/jvm/jdk-8-oracle-arm32-vfp-hflt/jre/lib/arm/libnet.so
6482f000-64832000 ---p 00000000 00:00 0 
64832000-6487f000 rw-p 00000000 00:00 0 
6487f000-64883000 ---p 00000000 00:00 0 
64883000-64900000 rw-p 00000000 00:00 0 
64900000-64921000 rw-p 00000000 00:00 0 
64921000-64a00000 ---p 00000000 00:00 0 
64a02000-64a04000 r-xp 00000000 b3:07 396548     /lib/arm-linux-gnueabihf/libnss_mdns4_minimal.so.2
64a04000-64a13000 ---p 00002000 b3:07 396548     /lib/arm-linux-gnueabihf/libnss_mdns4_minimal.so.2
64a13000-64a14000 r--p 00001000 b3:07 396548     /lib/arm-linux-gnueabihf/libnss_mdns4_minimal.so.2
64a14000-64a15000 rw-p 00002000 b3:07 396548     /lib/arm-linux-gnueabihf/libnss_mdns4_minimal.so.2
64a15000-64a18000 ---p 00000000 00:00 0 
64a18000-64a65000 rw-p 00000000 00:00 0 
64a65000-64c00000 r--p 00000000 b3:07 287733     /usr/lib/locale/locale-archive
64c00000-64c21000 rw-p 00000000 00:00 0 
64c21000-64d00000 ---p 00000000 00:00 0 
64d00000-64d21000 rw-p 00000000 00:00 0 
64d21000-64e00000 ---p 00000000 00:00 0 
64e00000-64e4a000 rw-p 00000000 00:00 0 
64e4a000-64f00000 ---p 00000000 00:00 0 
64f0f000-64f3e000 r-xp 00000000 b3:07 279460     /usr/lib/jvm/jdk-8-oracle-arm32-vfp-hflt/jre/lib/arm/libsunec.so
64f3e000-64f46000 ---p 0002f000 b3:07 279460     /usr/lib/jvm/jdk-8-oracle-arm32-vfp-hflt/jre/lib/arm/libsunec.so
64f46000-64f49000 rw-p 0002f000 b3:07 279460     /usr/lib/jvm/jdk-8-oracle-arm32-vfp-hflt/jre/lib/arm/libsunec.so
64f49000-64f4e000 rw-p 00000000 00:00 0 
64f4e000-64f51000 ---p 00000000 00:00 0 
64f51000-64f9e000 rw-p 00000000 00:00 0 
64f9e000-64fa1000 ---p 00000000 00:00 0 
64fa1000-64fee000 rw-p 00000000 00:00 0 
64fee000-64fef000 ---p 00000000 00:00 0 
64fef000-650be000 rw-p 00000000 00:00 0 
650be000-65296000 r--s 03d20000 b3:07 279409     /usr/lib/jvm/jdk-8-oracle-arm32-vfp-hflt/jre/lib/rt.jar
65296000-65737000 rw-p 00000000 00:00 0 
65737000-6573d000 ---p 00000000 00:00 0 
6573d000-65743000 rw-p 00000000 00:00 0 
65743000-6578b000 ---p 00000000 00:00 0 
6578b000-6578e000 rw-p 00000000 00:00 0 
6578e000-657b1000 ---p 00000000 00:00 0 
657b1000-657b8000 rw-p 00000000 00:00 0 
657b8000-657ff000 ---p 00000000 00:00 0 
657ff000-65dc0000 rw-p 00000000 00:00 0 
65dc0000-6a540000 ---p 00000000 00:00 0 
6a540000-6b080000 rw-p 00000000 00:00 0 
6b080000-74000000 ---p 00000000 00:00 0 
74003000-7400f000 rw-p 00000000 00:00 0 
7400f000-74083000 ---p 00000000 00:00 0 
74083000-7435b000 rwxp 00000000 00:00 0 
7435b000-76083000 ---p 00000000 00:00 0 
76083000-7609a000 r-xp 00000000 b3:07 279455     /usr/lib/jvm/jdk-8-oracle-arm32-vfp-hflt/jre/lib/arm/libzip.so
7609a000-760a1000 ---p 00017000 b3:07 279455     /usr/lib/jvm/jdk-8-oracle-arm32-vfp-hflt/jre/lib/arm/libzip.so
760a1000-760a2000 rw-p 00016000 b3:07 279455     /usr/lib/jvm/jdk-8-oracle-arm32-vfp-hflt/jre/lib/arm/libzip.so
760a2000-760ab000 r-xp 00000000 b3:07 396538     /lib/arm-linux-gnueabihf/libnss_files-2.24.so
760ab000-760ba000 ---p 00009000 b3:07 396538     /lib/arm-linux-gnueabihf/libnss_files-2.24.so
760ba000-760bb000 r--p 00008000 b3:07 396538     /lib/arm-linux-gnueabihf/libnss_files-2.24.so
760bb000-760bc000 rw-p 00009000 b3:07 396538     /lib/arm-linux-gnueabihf/libnss_files-2.24.so
760bc000-760c2000 rw-p 00000000 00:00 0 
760c2000-760cb000 r-xp 00000000 b3:07 396466     /lib/arm-linux-gnueabihf/libnss_nis-2.24.so
760cb000-760da000 ---p 00009000 b3:07 396466     /lib/arm-linux-gnueabihf/libnss_nis-2.24.so
760da000-760db000 r--p 00008000 b3:07 396466     /lib/arm-linux-gnueabihf/libnss_nis-2.24.so
760db000-760dc000 rw-p 00009000 b3:07 396466     /lib/arm-linux-gnueabihf/libnss_nis-2.24.so
760dc000-760ed000 r-xp 00000000 b3:07 396578     /lib/arm-linux-gnueabihf/libnsl-2.24.so
760ed000-760fc000 ---p 00011000 b3:07 396578     /lib/arm-linux-gnueabihf/libnsl-2.24.so
760fc000-760fd000 r--p 00010000 b3:07 396578     /lib/arm-linux-gnueabihf/libnsl-2.24.so
760fd000-760fe000 rw-p 00011000 b3:07 396578     /lib/arm-linux-gnueabihf/libnsl-2.24.so
760fe000-76100000 rw-p 00000000 00:00 0 
76100000-761f9000 rw-p 00000000 00:00 0 
761f9000-76200000 ---p 00000000 00:00 0 
76200000-7620a000 r--s 00116000 b3:07 279410     /usr/lib/jvm/jdk-8-oracle-arm32-vfp-hflt/jre/lib/ext/localedata.jar
7620a000-76210000 r-xp 00000000 b3:07 396534     /lib/arm-linux-gnueabihf/libnss_compat-2.24.so
76210000-7621f000 ---p 00006000 b3:07 396534     /lib/arm-linux-gnueabihf/libnss_compat-2.24.so
7621f000-76220000 r--p 00005000 b3:07 396534     /lib/arm-linux-gnueabihf/libnss_compat-2.24.so
76220000-76221000 rw-p 00006000 b3:07 396534     /lib/arm-linux-gnueabihf/libnss_compat-2.24.so
76228000-7622e000 r--s 0003f000 b3:07 279417     /usr/lib/jvm/jdk-8-oracle-arm32-vfp-hflt/jre/lib/ext/sunjce_provider.jar
7622e000-76232000 r--s 0003a000 b3:07 279419     /usr/lib/jvm/jdk-8-oracle-arm32-vfp-hflt/jre/lib/ext/sunpkcs11.jar
76232000-76237000 r--s 00096000 b3:07 279390     /usr/lib/jvm/jdk-8-oracle-arm32-vfp-hflt/jre/lib/jsse.jar
76237000-7625a000 r-xp 00000000 b3:07 279433     /usr/lib/jvm/jdk-8-oracle-arm32-vfp-hflt/jre/lib/arm/libjava.so
7625a000-76262000 ---p 00023000 b3:07 279433     /usr/lib/jvm/jdk-8-oracle-arm32-vfp-hflt/jre/lib/arm/libjava.so
76262000-76263000 rw-p 00023000 b3:07 279433     /usr/lib/jvm/jdk-8-oracle-arm32-vfp-hflt/jre/lib/arm/libjava.so
76263000-76269000 r-xp 00000000 b3:07 396489     /lib/arm-linux-gnueabihf/librt-2.24.so
76269000-76278000 ---p 00006000 b3:07 396489     /lib/arm-linux-gnueabihf/librt-2.24.so
76278000-76279000 r--p 00005000 b3:07 396489     /lib/arm-linux-gnueabihf/librt-2.24.so
76279000-7627a000 rw-p 00006000 b3:07 396489     /lib/arm-linux-gnueabihf/librt-2.24.so
7627a000-7627e000 ---p 00000000 00:00 0 
7627e000-762cb000 rw-p 00000000 00:00 0 
762cb000-76338000 r-xp 00000000 b3:07 396491     /lib/arm-linux-gnueabihf/libm-2.24.so
76338000-76348000 ---p 0006d000 b3:07 396491     /lib/arm-linux-gnueabihf/libm-2.24.so
76348000-76349000 r--p 0006d000 b3:07 396491     /lib/arm-linux-gnueabihf/libm-2.24.so
76349000-7634a000 rw-p 0006e000 b3:07 396491     /lib/arm-linux-gnueabihf/libm-2.24.so
7634a000-768cd000 r-xp 00000000 b3:07 279465     /usr/lib/jvm/jdk-8-oracle-arm32-vfp-hflt/jre/lib/arm/client/libjvm.so
768cd000-768d5000 ---p 00583000 b3:07 279465     /usr/lib/jvm/jdk-8-oracle-arm32-vfp-hflt/jre/lib/arm/client/libjvm.so
768d5000-76901000 rw-p 00583000 b3:07 279465     /usr/lib/jvm/jdk-8-oracle-arm32-vfp-hflt/jre/lib/arm/client/libjvm.so
76901000-76d24000 rw-p 00000000 00:00 0 
76d24000-76d40000 r-xp 00000000 b3:07 396512     /lib/arm-linux-gnueabihf/libgcc_s.so.1
76d40000-76d4f000 ---p 0001c000 b3:07 396512     /lib/arm-linux-gnueabihf/libgcc_s.so.1
76d4f000-76d50000 r--p 0001b000 b3:07 396512     /lib/arm-linux-gnueabihf/libgcc_s.so.1
76d50000-76d51000 rw-p 0001c000 b3:07 396512     /lib/arm-linux-gnueabihf/libgcc_s.so.1
76d51000-76e7b000 r-xp 00000000 b3:07 396631     /lib/arm-linux-gnueabihf/libc-2.24.so
76e7b000-76e8a000 ---p 0012a000 b3:07 396631     /lib/arm-linux-gnueabihf/libc-2.24.so
76e8a000-76e8c000 r--p 00129000 b3:07 396631     /lib/arm-linux-gnueabihf/libc-2.24.so
76e8c000-76e8d000 rw-p 0012b000 b3:07 396631     /lib/arm-linux-gnueabihf/libc-2.24.so
76e8d000-76e90000 rw-p 00000000 00:00 0 
76e90000-76e92000 r-xp 00000000 b3:07 396628     /lib/arm-linux-gnueabihf/libdl-2.24.so
76e92000-76ea1000 ---p 00002000 b3:07 396628     /lib/arm-linux-gnueabihf/libdl-2.24.so
76ea1000-76ea2000 r--p 00001000 b3:07 396628     /lib/arm-linux-gnueabihf/libdl-2.24.so
76ea2000-76ea3000 rw-p 00002000 b3:07 396628     /lib/arm-linux-gnueabihf/libdl-2.24.so
76ea3000-76eb7000 r-xp 00000000 b3:07 279464     /usr/lib/jvm/jdk-8-oracle-arm32-vfp-hflt/jre/lib/arm/jli/libjli.so
76eb7000-76ebf000 ---p 00014000 b3:07 279464     /usr/lib/jvm/jdk-8-oracle-arm32-vfp-hflt/jre/lib/arm/jli/libjli.so
76ebf000-76ec0000 rw-p 00014000 b3:07 279464     /usr/lib/jvm/jdk-8-oracle-arm32-vfp-hflt/jre/lib/arm/jli/libjli.so
76ec0000-76ed6000 r-xp 00000000 b3:07 396598     /lib/arm-linux-gnueabihf/libpthread-2.24.so
76ed6000-76ee5000 ---p 00016000 b3:07 396598     /lib/arm-linux-gnueabihf/libpthread-2.24.so
76ee5000-76ee6000 r--p 00015000 b3:07 396598     /lib/arm-linux-gnueabihf/libpthread-2.24.so
76ee6000-76ee7000 rw-p 00016000 b3:07 396598     /lib/arm-linux-gnueabihf/libpthread-2.24.so
76ee7000-76ee9000 rw-p 00000000 00:00 0 
76eea000-76eed000 r--s 0001a000 b3:07 279384     /usr/lib/jvm/jdk-8-oracle-arm32-vfp-hflt/jre/lib/jce.jar
76eed000-76ef6000 r-xp 00000000 b3:07 279452     /usr/lib/jvm/jdk-8-oracle-arm32-vfp-hflt/jre/lib/arm/libverify.so
76ef6000-76efe000 ---p 00009000 b3:07 279452     /usr/lib/jvm/jdk-8-oracle-arm32-vfp-hflt/jre/lib/arm/libverify.so
76efe000-76eff000 rw-p 00009000 b3:07 279452     /usr/lib/jvm/jdk-8-oracle-arm32-vfp-hflt/jre/lib/arm/libverify.so
76eff000-76f04000 r-xp 00000000 b3:07 276432     /usr/lib/arm-linux-gnueabihf/libarmmem.so
76f04000-76f13000 ---p 00005000 b3:07 276432     /usr/lib/arm-linux-gnueabihf/libarmmem.so
76f13000-76f14000 r--p 00004000 b3:07 276432     /usr/lib/arm-linux-gnueabihf/libarmmem.so
76f14000-76f15000 rw-p 00005000 b3:07 276432     /usr/lib/arm-linux-gnueabihf/libarmmem.so
76f15000-76f36000 r-xp 00000000 b3:07 396505     /lib/arm-linux-gnueabihf/ld-2.24.so
76f36000-76f37000 r--s 00009000 b3:07 279412     /usr/lib/jvm/jdk-8-oracle-arm32-vfp-hflt/jre/lib/ext/sunec.jar
76f37000-76f38000 r--p 0019a000 b3:07 287733     /usr/lib/locale/locale-archive
76f38000-76f40000 rw-s 00000000 b3:07 416178     /tmp/hsperfdata_root/3383
76f40000-76f41000 r--p 00000000 00:00 0 
76f41000-76f45000 rw-p 00000000 00:00 0 
76f45000-76f46000 r--p 00020000 b3:07 396505     /lib/arm-linux-gnueabihf/ld-2.24.so
76f46000-76f47000 rw-p 00021000 b3:07 396505     /lib/arm-linux-gnueabihf/ld-2.24.so
7ed30000-7ed51000 rw-p 00000000 00:00 0          [stack]
7ef0d000-7ef0e000 r-xp 00000000 00:00 0          [sigpage]
7ef0e000-7ef0f000 r--p 00000000 00:00 0          [vvar]
7ef0f000-7ef10000 r-xp 00000000 00:00 0          [vdso]
ffff0000-ffff1000 r-xp 00000000 00:00 0          [vectors]

VM Arguments:
java_command: /home/pi/Desktop/my-app/target/my-app-1.0-SNAPSHOT-jar-with-dependencies.jar
java_class_path (initial): /home/pi/Desktop/my-app/target/my-app-1.0-SNAPSHOT-jar-with-dependencies.jar
Launcher Type: SUN_STANDARD

Environment Variables:
PATH=/usr/local/sbin:/usr/local/bin:/usr/sbin:/usr/bin:/sbin:/bin:/usr/local/games:/usr/games
USERNAME=root
SHELL=/bin/bash
DISPLAY=:0.0

Signal Handlers:
SIGSEGV: [libjvm.so+0x506638], sa_mask[0]=11111111011111111101111111111110, sa_flags=SA_RESTART|SA_SIGINFO
SIGBUS: [libjvm.so+0x506638], sa_mask[0]=11111111011111111101111111111110, sa_flags=SA_RESTART|SA_SIGINFO
SIGFPE: [libjvm.so+0x3fd4ec], sa_mask[0]=11111111011111111101111111111110, sa_flags=SA_RESTART|SA_SIGINFO
SIGPIPE: [libjvm.so+0x3fd4ec], sa_mask[0]=11111111011111111101111111111110, sa_flags=SA_RESTART|SA_SIGINFO
SIGXFSZ: [libjvm.so+0x3fd4ec], sa_mask[0]=11111111011111111101111111111110, sa_flags=SA_RESTART|SA_SIGINFO
SIGILL: [libjvm.so+0x3fd4ec], sa_mask[0]=11111111011111111101111111111110, sa_flags=SA_RESTART|SA_SIGINFO
SIGUSR1: SIG_DFL, sa_mask[0]=00000000000000000000000000000000, sa_flags=none
SIGUSR2: [libjvm.so+0x3fd650], sa_mask[0]=00000000000000000000000000000000, sa_flags=SA_RESTART|SA_SIGINFO
SIGHUP: [libjvm.so+0x3fda84], sa_mask[0]=11111111011111111101111111111110, sa_flags=SA_RESTART|SA_SIGINFO
SIGINT: [libjvm.so+0x3fda84], sa_mask[0]=11111111011111111101111111111110, sa_flags=SA_RESTART|SA_SIGINFO
SIGTERM: [libjvm.so+0x3fda84], sa_mask[0]=11111111011111111101111111111110, sa_flags=SA_RESTART|SA_SIGINFO
SIGQUIT: [libjvm.so+0x3fda84], sa_mask[0]=11111111011111111101111111111110, sa_flags=SA_RESTART|SA_SIGINFO


---------------  S Y S T E M  ---------------

OS:PRETTY_NAME="Raspbian GNU/Linux 9 (stretch)"
NAME="Raspbian GNU/Linux"
VERSION_ID="9"
VERSION="9 (stretch)"
ID=raspbian
ID_LIKE=debian
HOME_URL="http://www.raspbian.org/"
SUPPORT_URL="http://www.raspbian.org/RaspbianForums"
BUG_REPORT_URL="http://www.raspbian.org/RaspbianBugs"

uname:Linux 4.14.98-v7+ #1200 SMP Tue Feb 12 20:27:48 GMT 2019 armv7l
libc:glibc 2.24 NPTL 2.24 
rlimit: STACK 8192k, CORE 0k, NPROC 7345, NOFILE 1048576, AS infinity
load average:2.36 1.78 1.17

/proc/meminfo:
MemTotal:         949448 kB
MemFree:          234104 kB
MemAvailable:     303760 kB
Buffers:            2992 kB
Cached:           126448 kB
SwapCached:         1348 kB
Active:           313420 kB
Inactive:         351992 kB
Active(anon):     245972 kB
Inactive(anon):   311216 kB
Active(file):      67448 kB
Inactive(file):    40776 kB
Unevictable:          12 kB
Mlocked:              12 kB
SwapTotal:        102396 kB
SwapFree:          15580 kB
Dirty:              5760 kB
Writeback:             0 kB
AnonPages:        534772 kB
Mapped:           101900 kB
Shmem:             21216 kB
Slab:              27256 kB
SReclaimable:      12960 kB
SUnreclaim:        14296 kB
KernelStack:        3072 kB
PageTables:         7896 kB
NFS_Unstable:          0 kB
Bounce:                0 kB
WritebackTmp:          0 kB
CommitLimit:      577120 kB
Committed_AS:    2443556 kB
VmallocTotal:    1114112 kB
VmallocUsed:           0 kB
VmallocChunk:          0 kB
CmaTotal:           8192 kB
CmaFree:            6792 kB


CPU:total 4 (ARMv7), vfp

/proc/cpuinfo:
processor	: 0
model name	: ARMv7 Processor rev 4 (v7l)
BogoMIPS	: 89.60
Features	: half thumb fastmult vfp edsp neon vfpv3 tls vfpv4 idiva idivt vfpd32 lpae evtstrm crc32 
CPU implementer	: 0x41
CPU architecture: 7
CPU variant	: 0x0
CPU part	: 0xd03
CPU revision	: 4

processor	: 1
model name	: ARMv7 Processor rev 4 (v7l)
BogoMIPS	: 89.60
Features	: half thumb fastmult vfp edsp neon vfpv3 tls vfpv4 idiva idivt vfpd32 lpae evtstrm crc32 
CPU implementer	: 0x41
CPU architecture: 7
CPU variant	: 0x0
CPU part	: 0xd03
CPU revision	: 4

processor	: 2
model name	: ARMv7 Processor rev 4 (v7l)
BogoMIPS	: 89.60
Features	: half thumb fastmult vfp edsp neon vfpv3 tls vfpv4 idiva idivt vfpd32 lpae evtstrm crc32 
CPU implementer	: 0x41
CPU architecture: 7
CPU variant	: 0x0
CPU part	: 0xd03
CPU revision	: 4

processor	: 3
model name	: ARMv7 Processor rev 4 (v7l)
BogoMIPS	: 89.60
Features	: half thumb fastmult vfp edsp neon vfpv3 tls vfpv4 idiva idivt vfpd32 lpae evtstrm crc32 
CPU implementer	: 0x41
CPU architecture: 7
CPU variant	: 0x0
CPU part	: 0xd03
CPU revision	: 4

Hardware	: BCM2835
Revision	: a020d3
Serial		: 00000000404dcb5d


Memory: 4k page, physical 949448k(234104k free), swap 102396k(15580k free)

vm_info: Java HotSpot(TM) Client VM (25.65-b01) for linux-arm-vfp-hflt JRE (1.8.0_65-b17), built on Oct  6 2015 16:19:04 by "java_re" with gcc 4.7.2 20120910 (prerelease)

time: Sun Sep  1 20:15:10 2019
elapsed time: 429 seconds (0d 0h 7m 9s)

