#
# A fatal error has been detected by the Java Runtime Environment:
#
#  SIGBUS (0x7) at pc=0x760d07c0, pid=3932, tid=1684530288
#
# JRE version: Java(TM) SE Runtime Environment (8.0_65-b17) (build 1.8.0_65-b17)
# Java VM: Java HotSpot(TM) Client VM (25.65-b01 mixed mode linux-arm )
# Problematic frame:
# C  [libzip.so+0xf7c0]
#
# Failed to write core dump. Core dumps have been disabled. To enable core dumping, try "ulimit -c unlimited" before starting Java again
#
# If you would like to submit a bug report, please visit:
#   http://bugreport.java.com/bugreport/crash.jsp
# The crash happened outside the Java Virtual Machine in native code.
# See problematic frame for where to report the bug.
#

---------------  T H R E A D  ---------------

Current thread (0x6400bc00):  JavaThread "Thread-1" [_thread_in_native, id=3949, stack(0x6462f000,0x6467f000)]

siginfo: si_signo: 7 (SIGBUS), si_code: 2 (BUS_ADRERR), si_addr: 0x644c31bb

Registers:
  r0  = 0x64536cc8
  r1  = 0x00000000
  r2  = 0x00703000
  r3  = 0x64466000
  r4  = 0x644c31ae
  r5  = 0x761ea3b8
  r6  = 0x64536cc8
  r7  = 0x761dc280
  r8  = 0x6467c7b4
  r9  = 0x00000001
  r10 = 0x0000002d
  fp  = 0x64590c08
  r12 = 0x64536cc8
  sp  = 0x6467c718
  lr  = 0x00000000
  pc  = 0x760d07c0
  cpsr = 0x20000010

Top of Stack: (sp=0x6467c718)
0x6467c718:   00000000 0000002c 6467cfa8 76923fb8
0x6467c728:   0000002c 65296588 76ec8000 76ec67a8
0x6467c738:   768cfaba 76dcce50 76ec8000 00000000
0x6467c748:   00000000 0000002d 761ea3b8 71bf252c
0x6467c758:   0000002d 761dc280 761ea3b8 71bf252c
0x6467c768:   6467c7e1 6467c7b4 00000001 0000002d
0x6467c778:   64590c08 760d21e4 00000001 0000002d
0x6467c788:   6400bd3c 6467c7b4 6467cbe0 00000001 

Instructions: (pc=0x760d07c0)
0x760d07a0:   e3a030a0 e58d3000 e1c720d8 e1a00005
0x760d07b0:   ebffffa7 e1a04000 e3540000 0a000093
0x760d07c0:   e5d4000d e5d4100e e5d4300c e5d4200f
0x760d07d0:   e1833400 e1812402 e5d4c020 e1832802 

Register to memory mapping:

  r0  = 0x64536cc8
0x64536cc8 is an unknown value

  r1  = 0x00000000
0x00000000 is an unknown value

  r2  = 0x00703000
0x00703000 is an unknown value

  r3  = 0x64466000
0x64466000 is pointing into the stack for thread: 0x64501000

  r4  = 0x644c31ae
0x644c31ae is an unknown value

  r5  = 0x761ea3b8
0x761ea3b8 is an unknown value

  r6  = 0x64536cc8
0x64536cc8 is an unknown value

  r7  = 0x761dc280
0x761dc280 is an unknown value

  r8  = 0x6467c7b4
0x6467c7b4 is pointing into the stack for thread: 0x6400bc00

  r9  = 0x00000001
0x00000001 is an unknown value

  r10 = 0x0000002d
0x0000002d is an unknown value

  fp  = 0x64590c08
0x64590c08 is an unknown value

  r12 = 0x64536cc8
0x64536cc8 is an unknown value

  sp  = 0x6467c718
0x6467c718 is pointing into the stack for thread: 0x6400bc00

  lr  = 0x00000000
0x00000000 is an unknown value

  pc  = 0x760d07c0
0x760d07c0: <offset 0xf7c0> in /usr/lib/jvm/jdk-8-oracle-arm32-vfp-hflt/jre/lib/arm/libzip.so at 0x760c1000



Stack: [0x6462f000,0x6467f000],  sp=0x6467c718,  free space=309k
Native frames: (J=compiled Java code, j=interpreted, Vv=VM code, C=native code)
C  [libzip.so+0xf7c0]

Java frames: (J=compiled Java code, j=interpreted, Vv=VM code)
J 408  java.util.zip.ZipFile.getEntry(J[BZ)J (0 bytes) @ 0x741e2bbc [0x741e2b60+0x5c]
j  java.util.zip.ZipFile.getEntry(Ljava/lang/String;)Ljava/util/zip/ZipEntry;+38
j  java.util.jar.JarFile.getEntry(Ljava/lang/String;)Ljava/util/zip/ZipEntry;+2
j  java.util.jar.JarFile.getJarEntry(Ljava/lang/String;)Ljava/util/jar/JarEntry;+2
j  sun.misc.URLClassPath$JarLoader.getResource(Ljava/lang/String;Z)Lsun/misc/Resource;+42
j  sun.misc.URLClassPath.getResource(Ljava/lang/String;Z)Lsun/misc/Resource;+62
j  java.net.URLClassLoader$1.run()Ljava/lang/Class;+26
j  java.net.URLClassLoader$1.run()Ljava/lang/Object;+1
v  ~StubRoutines::call_stub
J 448  java.security.AccessController.doPrivileged(Ljava/security/PrivilegedExceptionAction;Ljava/security/AccessControlContext;)Ljava/lang/Object; (0 bytes) @ 0x7419b5b8 [0x7419b560+0x58]
j  java.net.URLClassLoader.findClass(Ljava/lang/String;)Ljava/lang/Class;+13
j  java.lang.ClassLoader.loadClass(Ljava/lang/String;Z)Ljava/lang/Class;+70
j  sun.misc.Launcher$AppClassLoader.loadClass(Ljava/lang/String;Z)Ljava/lang/Class;+81
j  java.lang.ClassLoader.loadClass(Ljava/lang/String;)Ljava/lang/Class;+3
v  ~StubRoutines::call_stub
j  com.fasterxml.jackson.core.json.ReaderBasedJsonParser.getCurrentLocation()Lcom/fasterxml/jackson/core/JsonLocation;+12
j  com.fasterxml.jackson.core.JsonParseException.<init>(Lcom/fasterxml/jackson/core/JsonParser;Ljava/lang/String;)V+11
j  com.fasterxml.jackson.core.JsonParser._constructError(Ljava/lang/String;)Lcom/fasterxml/jackson/core/JsonParseException;+6
j  com.fasterxml.jackson.core.base.ParserMinimalBase._reportError(Ljava/lang/String;Ljava/lang/Object;Ljava/lang/Object;)V+17
j  com.fasterxml.jackson.core.json.ReaderBasedJsonParser._reportInvalidToken(Ljava/lang/String;Ljava/lang/String;)V+96
j  com.fasterxml.jackson.core.json.ReaderBasedJsonParser._handleOddValue(I)Lcom/fasterxml/jackson/core/JsonToken;+261
j  com.fasterxml.jackson.core.json.ReaderBasedJsonParser.nextToken()Lcom/fasterxml/jackson/core/JsonToken;+471
J 1783 C1 com.google.api.client.json.jackson2.JacksonParser.nextToken()Lcom/google/api/client/json/JsonToken; (11 bytes) @ 0x742979b0 [0x74297980+0x30]
J 1350 C1 com.google.api.client.json.JsonParser.startParsing()Lcom/google/api/client/json/JsonToken; (30 bytes) @ 0x74357760 [0x74357710+0x50]
j  com.google.api.client.json.JsonParser.parse(Ljava/lang/reflect/Type;ZLcom/google/api/client/json/CustomizeJsonParser;)Ljava/lang/Object;+10
j  com.google.api.client.json.JsonParser.parse(Ljava/lang/Class;Lcom/google/api/client/json/CustomizeJsonParser;)Ljava/lang/Object;+4
j  com.google.api.client.json.JsonParser.parseAndClose(Ljava/lang/Class;Lcom/google/api/client/json/CustomizeJsonParser;)Ljava/lang/Object;+3
j  com.google.api.client.json.JsonParser.parseAndClose(Ljava/lang/Class;)Ljava/lang/Object;+3
j  com.google.api.client.json.JsonFactory.fromReader(Ljava/io/Reader;Ljava/lang/Class;)Ljava/lang/Object;+6
j  com.google.api.client.googleapis.auth.oauth2.GoogleClientSecrets.load(Lcom/google/api/client/json/JsonFactory;Ljava/io/Reader;)Lcom/google/api/client/googleapis/auth/oauth2/GoogleClientSecrets;+5
j  com.mycompany.app.finalTest.getCredentials(Lcom/google/api/client/http/javanet/NetHttpTransport;)Lcom/google/api/client/auth/oauth2/Credential;+33
j  com.mycompany.app.finalTest.getEvents(Ljava/lang/String;)Ljava/util/List;+13
j  com.mycompany.app.finalTest.access$200(Ljava/lang/String;)Ljava/util/List;+1
j  com.mycompany.app.finalTest$calLoop.run()V+157
j  java.lang.Thread.run()V+11
v  ~StubRoutines::call_stub

---------------  P R O C E S S  ---------------

Java Threads: ( => current thread )
  0x64501000 JavaThread "Thread-2" [_thread_blocked, id=3950, stack(0x64416000,0x64466000)]
=>0x6400bc00 JavaThread "Thread-1" [_thread_in_native, id=3949, stack(0x6462f000,0x6467f000)]
  0x76186000 JavaThread "Service Thread" daemon [_thread_blocked, id=3939, stack(0x6482f000,0x6487f000)]
  0x76182c00 JavaThread "C1 CompilerThread0" daemon [_thread_blocked, id=3938, stack(0x64880000,0x64900000)]
  0x76181400 JavaThread "Signal Dispatcher" daemon [_thread_blocked, id=3937, stack(0x64a15000,0x64a65000)]
  0x76162000 JavaThread "Finalizer" daemon [_thread_blocked, id=3936, stack(0x64f4e000,0x64f9e000)]
  0x76160800 JavaThread "Reference Handler" daemon [_thread_blocked, id=3935, stack(0x64f9e000,0x64fee000)]
  0x76107400 JavaThread "main" [_thread_blocked, id=3933, stack(0x762b7000,0x76307000)]

Other Threads:
  0x7615d800 VMThread [stack: 0x64fef000,0x6506f000] [id=3934]
  0x76188000 WatcherThread [stack: 0x64680000,0x64700000] [id=3940]

VM state:not at safepoint (normal execution)

VM Mutex/Monitor currently owned by a thread: None

Heap:
 def new generation   total 5504K, used 4589K [0x65800000, 0x65de0000, 0x6a540000)
  eden space 4992K,  84% used [0x65800000, 0x65c1fda8, 0x65ce0000)
  from space 512K,  71% used [0x65ce0000, 0x65d3b9a0, 0x65d60000)
  to   space 512K,   0% used [0x65d60000, 0x65d60000, 0x65de0000)
 tenured generation   total 11892K, used 8536K [0x6a540000, 0x6b0dd000, 0x74000000)
   the space 11892K,  71% used [0x6a540000, 0x6ad962b0, 0x6ad96400, 0x6b0dd000)
 Metaspace       used 9534K, capacity 9708K, committed 9752K, reserved 10544K

Card table byte_map: [0x6578b000,0x65800000] byte_map_base: 0x6545f000

Polling page: 0x76f7c000

CodeCache: size=32768Kb used=2267Kb max_used=2882Kb free=30500Kb
 bounds [0x740c1000, 0x74399000, 0x760c1000]
 total_blobs=1168 nmethods=984 adapters=116
 compilation: enabled

Compilation events (10 events):
Event: 300.783 Thread 0x76182c00 2123             org.apache.http.client.cache.HttpCacheEntry::getFirstHeader (20 bytes)
Event: 300.784 Thread 0x76182c00 nmethod 2123 0x7432b788 code [0x7432b880, 0x7432b970]
Event: 301.846 Thread 0x76182c00 2124             java.util.Calendar::getFieldStrings (134 bytes)
Event: 301.848 Thread 0x76182c00 nmethod 2124 0x7432ad88 code [0x7432aef0, 0x7432b250]
Event: 302.885 Thread 0x76182c00 2125             java.util.Locale::equals (75 bytes)
Event: 302.887 Thread 0x76182c00 nmethod 2125 0x7432a888 code [0x7432a9a0, 0x7432abc0]
Event: 303.930 Thread 0x76182c00 2126             sun.util.locale.provider.LocaleServiceProviderPool::getLocalizedObject (11 bytes)
Event: 303.930 Thread 0x76182c00 nmethod 2126 0x7432a688 code [0x7432a770, 0x7432a814]
Event: 303.932 Thread 0x76182c00 2127             sun.util.calendar.BaseCalendar$Date::hit (24 bytes)
Event: 303.933 Thread 0x76182c00 nmethod 2127 0x7432a488 code [0x7432a570, 0x7432a648]

GC Heap History (10 events):
Event: 265.823 GC heap before
{Heap before GC invocations=47 (full 1):
 def new generation   total 5504K, used 5274K [0x65800000, 0x65de0000, 0x6a540000)
  eden space 4992K, 100% used [0x65800000, 0x65ce0000, 0x65ce0000)
  from space 512K,  55% used [0x65d60000, 0x65da6a18, 0x65de0000)
  to   space 512K,   0% used [0x65ce0000, 0x65ce0000, 0x65d60000)
 tenured generation   total 11892K, used 8156K [0x6a540000, 0x6b0dd000, 0x74000000)
   the space 11892K,  68% used [0x6a540000, 0x6ad37220, 0x6ad37400, 0x6b0dd000)
 Metaspace       used 9526K, capacity 9708K, committed 9752K, reserved 10544K
Event: 265.829 GC heap after
Heap after GC invocations=48 (full 1):
 def new generation   total 5504K, used 421K [0x65800000, 0x65de0000, 0x6a540000)
  eden space 4992K,   0% used [0x65800000, 0x65800000, 0x65ce0000)
  from space 512K,  82% used [0x65ce0000, 0x65d49408, 0x65d60000)
  to   space 512K,   0% used [0x65d60000, 0x65d60000, 0x65de0000)
 tenured generation   total 11892K, used 8231K [0x6a540000, 0x6b0dd000, 0x74000000)
   the space 11892K,  69% used [0x6a540000, 0x6ad49d58, 0x6ad49e00, 0x6b0dd000)
 Metaspace       used 9526K, capacity 9708K, committed 9752K, reserved 10544K
}
Event: 270.503 GC heap before
{Heap before GC invocations=48 (full 1):
 def new generation   total 5504K, used 5413K [0x65800000, 0x65de0000, 0x6a540000)
  eden space 4992K, 100% used [0x65800000, 0x65ce0000, 0x65ce0000)
  from space 512K,  82% used [0x65ce0000, 0x65d49408, 0x65d60000)
  to   space 512K,   0% used [0x65d60000, 0x65d60000, 0x65de0000)
 tenured generation   total 11892K, used 8231K [0x6a540000, 0x6b0dd000, 0x74000000)
   the space 11892K,  69% used [0x6a540000, 0x6ad49d58, 0x6ad49e00, 0x6b0dd000)
 Metaspace       used 9526K, capacity 9708K, committed 9752K, reserved 10544K
Event: 270.509 GC heap after
Heap after GC invocations=49 (full 1):
 def new generation   total 5504K, used 456K [0x65800000, 0x65de0000, 0x6a540000)
  eden space 4992K,   0% used [0x65800000, 0x65800000, 0x65ce0000)
  from space 512K,  89% used [0x65d60000, 0x65dd2108, 0x65de0000)
  to   space 512K,   0% used [0x65ce0000, 0x65ce0000, 0x65d60000)
 tenured generation   total 11892K, used 8284K [0x6a540000, 0x6b0dd000, 0x74000000)
   the space 11892K,  69% used [0x6a540000, 0x6ad573c0, 0x6ad57400, 0x6b0dd000)
 Metaspace       used 9526K, capacity 9708K, committed 9752K, reserved 10544K
}
Event: 281.084 GC heap before
{Heap before GC invocations=49 (full 1):
 def new generation   total 5504K, used 5448K [0x65800000, 0x65de0000, 0x6a540000)
  eden space 4992K, 100% used [0x65800000, 0x65ce0000, 0x65ce0000)
  from space 512K,  89% used [0x65d60000, 0x65dd2108, 0x65de0000)
  to   space 512K,   0% used [0x65ce0000, 0x65ce0000, 0x65d60000)
 tenured generation   total 11892K, used 8284K [0x6a540000, 0x6b0dd000, 0x74000000)
   the space 11892K,  69% used [0x6a540000, 0x6ad573c0, 0x6ad57400, 0x6b0dd000)
 Metaspace       used 9526K, capacity 9708K, committed 9752K, reserved 10544K
Event: 281.089 GC heap after
Heap after GC invocations=50 (full 1):
 def new generation   total 5504K, used 328K [0x65800000, 0x65de0000, 0x6a540000)
  eden space 4992K,   0% used [0x65800000, 0x65800000, 0x65ce0000)
  from space 512K,  64% used [0x65ce0000, 0x65d32248, 0x65d60000)
  to   space 512K,   0% used [0x65d60000, 0x65d60000, 0x65de0000)
 tenured generation   total 11892K, used 8352K [0x6a540000, 0x6b0dd000, 0x74000000)
   the space 11892K,  70% used [0x6a540000, 0x6ad68310, 0x6ad68400, 0x6b0dd000)
 Metaspace       used 9526K, capacity 9708K, committed 9752K, reserved 10544K
}
Event: 287.345 GC heap before
{Heap before GC invocations=50 (full 1):
 def new generation   total 5504K, used 5320K [0x65800000, 0x65de0000, 0x6a540000)
  eden space 4992K, 100% used [0x65800000, 0x65ce0000, 0x65ce0000)
  from space 512K,  64% used [0x65ce0000, 0x65d32248, 0x65d60000)
  to   space 512K,   0% used [0x65d60000, 0x65d60000, 0x65de0000)
 tenured generation   total 11892K, used 8352K [0x6a540000, 0x6b0dd000, 0x74000000)
   the space 11892K,  70% used [0x6a540000, 0x6ad68310, 0x6ad68400, 0x6b0dd000)
 Metaspace       used 9526K, capacity 9708K, committed 9752K, reserved 10544K
Event: 287.350 GC heap after
Heap after GC invocations=51 (full 1):
 def new generation   total 5504K, used 511K [0x65800000, 0x65de0000, 0x6a540000)
  eden space 4992K,   0% used [0x65800000, 0x65800000, 0x65ce0000)
  from space 512K,  99% used [0x65d60000, 0x65ddfff0, 0x65de0000)
  to   space 512K,   0% used [0x65ce0000, 0x65ce0000, 0x65d60000)
 tenured generation   total 11892K, used 8480K [0x6a540000, 0x6b0dd000, 0x74000000)
   the space 11892K,  71% used [0x6a540000, 0x6ad881b0, 0x6ad88200, 0x6b0dd000)
 Metaspace       used 9526K, capacity 9708K, committed 9752K, reserved 10544K
}
Event: 293.632 GC heap before
{Heap before GC invocations=51 (full 1):
 def new generation   total 5504K, used 5503K [0x65800000, 0x65de0000, 0x6a540000)
  eden space 4992K, 100% used [0x65800000, 0x65ce0000, 0x65ce0000)
  from space 512K,  99% used [0x65d60000, 0x65ddfff0, 0x65de0000)
  to   space 512K,   0% used [0x65ce0000, 0x65ce0000, 0x65d60000)
 tenured generation   total 11892K, used 8480K [0x6a540000, 0x6b0dd000, 0x74000000)
   the space 11892K,  71% used [0x6a540000, 0x6ad881b0, 0x6ad88200, 0x6b0dd000)
 Metaspace       used 9526K, capacity 9708K, committed 9752K, reserved 10544K
Event: 293.648 GC heap after
Heap after GC invocations=52 (full 1):
 def new generation   total 5504K, used 366K [0x65800000, 0x65de0000, 0x6a540000)
  eden space 4992K,   0% used [0x65800000, 0x65800000, 0x65ce0000)
  from space 512K,  71% used [0x65ce0000, 0x65d3b9a0, 0x65d60000)
  to   space 512K,   0% used [0x65d60000, 0x65d60000, 0x65de0000)
 tenured generation   total 11892K, used 8536K [0x6a540000, 0x6b0dd000, 0x74000000)
   the space 11892K,  71% used [0x6a540000, 0x6ad962b0, 0x6ad96400, 0x6b0dd000)
 Metaspace       used 9526K, capacity 9708K, committed 9752K, reserved 10544K
}

Deoptimization events (0 events):
No events

Internal exceptions (10 events):
Event: 267.922 Thread 0x64501000 Exception <a 'java/net/SocketTimeoutException': Read timed out> (0x6592dd78) thrown at [/HUDSON/workspace/8-2-build-glinux-arm-vfp-hflt/jdk8u65/4987/hotspot/src/share/vm/prims/jni.cpp, line 735]
Event: 288.037 Thread 0x64501000 Exception <a 'java/net/SocketTimeoutException': Read timed out> (0x65860cb8) thrown at [/HUDSON/workspace/8-2-build-glinux-arm-vfp-hflt/jdk8u65/4987/hotspot/src/share/vm/prims/jni.cpp, line 735]
Event: 288.076 Thread 0x64501000 Exception <a 'java/net/SocketTimeoutException': Read timed out> (0x658718e8) thrown at [/HUDSON/workspace/8-2-build-glinux-arm-vfp-hflt/jdk8u65/4987/hotspot/src/share/vm/prims/jni.cpp, line 735]
Event: 288.104 Thread 0x64501000 Exception <a 'java/net/SocketTimeoutException': Read timed out> (0x658824b8) thrown at [/HUDSON/workspace/8-2-build-glinux-arm-vfp-hflt/jdk8u65/4987/hotspot/src/share/vm/prims/jni.cpp, line 735]
Event: 288.145 Thread 0x64501000 Exception <a 'java/net/SocketTimeoutException': Read timed out> (0x65893080) thrown at [/HUDSON/workspace/8-2-build-glinux-arm-vfp-hflt/jdk8u65/4987/hotspot/src/share/vm/prims/jni.cpp, line 735]
Event: 288.173 Thread 0x64501000 Exception <a 'java/net/SocketTimeoutException': Read timed out> (0x658a3c88) thrown at [/HUDSON/workspace/8-2-build-glinux-arm-vfp-hflt/jdk8u65/4987/hotspot/src/share/vm/prims/jni.cpp, line 735]
Event: 288.203 Thread 0x64501000 Exception <a 'java/net/SocketTimeoutException': Read timed out> (0x658b48e0) thrown at [/HUDSON/workspace/8-2-build-glinux-arm-vfp-hflt/jdk8u65/4987/hotspot/src/share/vm/prims/jni.cpp, line 735]
Event: 288.235 Thread 0x64501000 Exception <a 'java/net/SocketTimeoutException': Read timed out> (0x658c54b0) thrown at [/HUDSON/workspace/8-2-build-glinux-arm-vfp-hflt/jdk8u65/4987/hotspot/src/share/vm/prims/jni.cpp, line 735]
Event: 288.263 Thread 0x64501000 Exception <a 'java/net/SocketTimeoutException': Read timed out> (0x658d6078) thrown at [/HUDSON/workspace/8-2-build-glinux-arm-vfp-hflt/jdk8u65/4987/hotspot/src/share/vm/prims/jni.cpp, line 735]
Event: 288.292 Thread 0x64501000 Exception <a 'java/net/SocketTimeoutException': Read timed out> (0x658e74a0) thrown at [/HUDSON/workspace/8-2-build-glinux-arm-vfp-hflt/jdk8u65/4987/hotspot/src/share/vm/prims/jni.cpp, line 735]

Events (10 events):
Event: 294.125 Executing VM operation: RevokeBias done
Event: 294.126 Thread 0x64512400 Thread exited: 0x64512400
Event: 296.059 Thread 0x76182c00 flushing nmethod 0x743355c8
Event: 296.059 Thread 0x76182c00 flushing nmethod 0x7433d988
Event: 296.059 Thread 0x76182c00 flushing nmethod 0x7433e4c8
Event: 296.059 Thread 0x76182c00 flushing nmethod 0x7433ecc8
Event: 304.268 loading class java/lang/CharacterData00
Event: 304.269 loading class java/lang/CharacterData00 done
Event: 304.275 loading class com/fasterxml/jackson/core/JsonLocation
Event: 304.275 loading class com/fasterxml/jackson/core/JsonLocation done


Dynamic libraries:
00008000-00009000 r-xp 00000000 b3:07 279522     /usr/lib/jvm/jdk-8-oracle-arm32-vfp-hflt/jre/bin/java
00010000-00011000 rw-p 00000000 b3:07 279522     /usr/lib/jvm/jdk-8-oracle-arm32-vfp-hflt/jre/bin/java
01301000-01322000 rw-p 00000000 00:00 0          [heap]
61c00000-61cf2000 rw-p 00000000 00:00 0 
61cf2000-61d00000 ---p 00000000 00:00 0 
61e00000-61e40000 rw-p 00000000 00:00 0 
61e40000-61f00000 ---p 00000000 00:00 0 
61f00000-62000000 rw-p 00000000 00:00 0 
62000000-620fc000 rw-p 00000000 00:00 0 
620fc000-62100000 ---p 00000000 00:00 0 
62193000-62196000 ---p 00000000 00:00 0 
62196000-621e3000 rw-p 00000000 00:00 0 
621e3000-621ff000 r--s 00393000 b3:07 279416     /usr/lib/jvm/jdk-8-oracle-arm32-vfp-hflt/jre/lib/ext/cldrdata.jar
621ff000-622ff000 rw-p 00000000 00:00 0 
622ff000-64000000 rw-p 00000000 00:00 0 
64000000-640cd000 rw-p 00000000 00:00 0 
640cd000-64100000 ---p 00000000 00:00 0 
64100000-64200000 rw-p 00000000 00:00 0 
64200000-64300000 rw-p 00000000 00:00 0 
64300000-643fe000 rw-p 00000000 00:00 0 
643fe000-64400000 ---p 00000000 00:00 0 
64416000-64419000 ---p 00000000 00:00 0 
64419000-64466000 rw-p 00000000 00:00 0 
64466000-64500000 r--s 00703000 b3:07 687809     /home/pi/Desktop/my-app/target/my-app-1.0-SNAPSHOT-jar-with-dependencies.jar
64500000-645a3000 rw-p 00000000 00:00 0 
645a3000-64600000 ---p 00000000 00:00 0 
64619000-64627000 r-xp 00000000 b3:07 279449     /usr/lib/jvm/jdk-8-oracle-arm32-vfp-hflt/jre/lib/arm/libnio.so
64627000-6462e000 ---p 0000e000 b3:07 279449     /usr/lib/jvm/jdk-8-oracle-arm32-vfp-hflt/jre/lib/arm/libnio.so
6462e000-6462f000 rw-p 0000d000 b3:07 279449     /usr/lib/jvm/jdk-8-oracle-arm32-vfp-hflt/jre/lib/arm/libnio.so
6462f000-64632000 ---p 00000000 00:00 0 
64632000-6467f000 rw-p 00000000 00:00 0 
6467f000-64680000 ---p 00000000 00:00 0 
64680000-64700000 rw-p 00000000 00:00 0 
64700000-64800000 rw-p 00000000 00:00 0 
64800000-6480a000 r--s 00116000 b3:07 279410     /usr/lib/jvm/jdk-8-oracle-arm32-vfp-hflt/jre/lib/ext/localedata.jar
6480a000-6481b000 r-xp 00000000 b3:07 396527     /lib/arm-linux-gnueabihf/libresolv-2.24.so
6481b000-6482b000 ---p 00011000 b3:07 396527     /lib/arm-linux-gnueabihf/libresolv-2.24.so
6482b000-6482c000 r--p 00011000 b3:07 396527     /lib/arm-linux-gnueabihf/libresolv-2.24.so
6482c000-6482d000 rw-p 00012000 b3:07 396527     /lib/arm-linux-gnueabihf/libresolv-2.24.so
6482d000-6482f000 rw-p 00000000 00:00 0 
6482f000-64832000 ---p 00000000 00:00 0 
64832000-6487f000 rw-p 00000000 00:00 0 
6487f000-64883000 ---p 00000000 00:00 0 
64883000-64900000 rw-p 00000000 00:00 0 
64900000-64921000 rw-p 00000000 00:00 0 
64921000-64a00000 ---p 00000000 00:00 0 
64a00000-64a04000 r-xp 00000000 b3:07 396546     /lib/arm-linux-gnueabihf/libnss_dns-2.24.so
64a04000-64a13000 ---p 00004000 b3:07 396546     /lib/arm-linux-gnueabihf/libnss_dns-2.24.so
64a13000-64a14000 r--p 00003000 b3:07 396546     /lib/arm-linux-gnueabihf/libnss_dns-2.24.so
64a14000-64a15000 rw-p 00004000 b3:07 396546     /lib/arm-linux-gnueabihf/libnss_dns-2.24.so
64a15000-64a18000 ---p 00000000 00:00 0 
64a18000-64a65000 rw-p 00000000 00:00 0 
64a65000-64c00000 r--p 00000000 b3:07 287733     /usr/lib/locale/locale-archive
64c00000-64c21000 rw-p 00000000 00:00 0 
64c21000-64d00000 ---p 00000000 00:00 0 
64d00000-64d21000 rw-p 00000000 00:00 0 
64d21000-64e00000 ---p 00000000 00:00 0 
64e00000-64e44000 rw-p 00000000 00:00 0 
64e44000-64f00000 ---p 00000000 00:00 0 
64f09000-64f0b000 r-xp 00000000 b3:07 396548     /lib/arm-linux-gnueabihf/libnss_mdns4_minimal.so.2
64f0b000-64f1a000 ---p 00002000 b3:07 396548     /lib/arm-linux-gnueabihf/libnss_mdns4_minimal.so.2
64f1a000-64f1b000 r--p 00001000 b3:07 396548     /lib/arm-linux-gnueabihf/libnss_mdns4_minimal.so.2
64f1b000-64f1c000 rw-p 00002000 b3:07 396548     /lib/arm-linux-gnueabihf/libnss_mdns4_minimal.so.2
64f20000-64f32000 r--s 00345000 b3:07 279399     /usr/lib/jvm/jdk-8-oracle-arm32-vfp-hflt/jre/lib/resources.jar
64f32000-64f45000 r-xp 00000000 b3:07 279422     /usr/lib/jvm/jdk-8-oracle-arm32-vfp-hflt/jre/lib/arm/libnet.so
64f45000-64f4d000 ---p 00013000 b3:07 279422     /usr/lib/jvm/jdk-8-oracle-arm32-vfp-hflt/jre/lib/arm/libnet.so
64f4d000-64f4e000 rw-p 00013000 b3:07 279422     /usr/lib/jvm/jdk-8-oracle-arm32-vfp-hflt/jre/lib/arm/libnet.so
64f4e000-64f51000 ---p 00000000 00:00 0 
64f51000-64f9e000 rw-p 00000000 00:00 0 
64f9e000-64fa1000 ---p 00000000 00:00 0 
64fa1000-64fee000 rw-p 00000000 00:00 0 
64fee000-64fef000 ---p 00000000 00:00 0 
64fef000-650be000 rw-p 00000000 00:00 0 
650be000-65296000 r--s 03d20000 b3:07 279409     /usr/lib/jvm/jdk-8-oracle-arm32-vfp-hflt/jre/lib/rt.jar
65296000-65737000 rw-p 00000000 00:00 0 
65737000-6573d000 ---p 00000000 00:00 0 
6573d000-65743000 rw-p 00000000 00:00 0 
65743000-6578b000 ---p 00000000 00:00 0 
6578b000-6578e000 rw-p 00000000 00:00 0 
6578e000-657b1000 ---p 00000000 00:00 0 
657b1000-657b8000 rw-p 00000000 00:00 0 
657b8000-657ff000 ---p 00000000 00:00 0 
657ff000-65de0000 rw-p 00000000 00:00 0 
65de0000-6a540000 ---p 00000000 00:00 0 
6a540000-6b0dd000 rw-p 00000000 00:00 0 
6b0dd000-74000000 ---p 00000000 00:00 0 
74002000-74031000 r-xp 00000000 b3:07 279460     /usr/lib/jvm/jdk-8-oracle-arm32-vfp-hflt/jre/lib/arm/libsunec.so
74031000-74039000 ---p 0002f000 b3:07 279460     /usr/lib/jvm/jdk-8-oracle-arm32-vfp-hflt/jre/lib/arm/libsunec.so
74039000-7403c000 rw-p 0002f000 b3:07 279460     /usr/lib/jvm/jdk-8-oracle-arm32-vfp-hflt/jre/lib/arm/libsunec.so
7403c000-7404d000 rw-p 00000000 00:00 0 
7404d000-740c1000 ---p 00000000 00:00 0 
740c1000-74399000 rwxp 00000000 00:00 0 
74399000-760c1000 ---p 00000000 00:00 0 
760c1000-760d8000 r-xp 00000000 b3:07 279455     /usr/lib/jvm/jdk-8-oracle-arm32-vfp-hflt/jre/lib/arm/libzip.so
760d8000-760df000 ---p 00017000 b3:07 279455     /usr/lib/jvm/jdk-8-oracle-arm32-vfp-hflt/jre/lib/arm/libzip.so
760df000-760e0000 rw-p 00016000 b3:07 279455     /usr/lib/jvm/jdk-8-oracle-arm32-vfp-hflt/jre/lib/arm/libzip.so
760e0000-760e9000 r-xp 00000000 b3:07 396538     /lib/arm-linux-gnueabihf/libnss_files-2.24.so
760e9000-760f8000 ---p 00009000 b3:07 396538     /lib/arm-linux-gnueabihf/libnss_files-2.24.so
760f8000-760f9000 r--p 00008000 b3:07 396538     /lib/arm-linux-gnueabihf/libnss_files-2.24.so
760f9000-760fa000 rw-p 00009000 b3:07 396538     /lib/arm-linux-gnueabihf/libnss_files-2.24.so
760fa000-76100000 rw-p 00000000 00:00 0 
76100000-761fd000 rw-p 00000000 00:00 0 
761fd000-76200000 ---p 00000000 00:00 0 
76208000-76211000 r-xp 00000000 b3:07 396466     /lib/arm-linux-gnueabihf/libnss_nis-2.24.so
76211000-76220000 ---p 00009000 b3:07 396466     /lib/arm-linux-gnueabihf/libnss_nis-2.24.so
76220000-76221000 r--p 00008000 b3:07 396466     /lib/arm-linux-gnueabihf/libnss_nis-2.24.so
76221000-76222000 rw-p 00009000 b3:07 396466     /lib/arm-linux-gnueabihf/libnss_nis-2.24.so
76222000-76233000 r-xp 00000000 b3:07 396578     /lib/arm-linux-gnueabihf/libnsl-2.24.so
76233000-76242000 ---p 00011000 b3:07 396578     /lib/arm-linux-gnueabihf/libnsl-2.24.so
76242000-76243000 r--p 00010000 b3:07 396578     /lib/arm-linux-gnueabihf/libnsl-2.24.so
76243000-76244000 rw-p 00011000 b3:07 396578     /lib/arm-linux-gnueabihf/libnsl-2.24.so
76244000-76246000 rw-p 00000000 00:00 0 
76246000-7624c000 r-xp 00000000 b3:07 396534     /lib/arm-linux-gnueabihf/libnss_compat-2.24.so
7624c000-7625b000 ---p 00006000 b3:07 396534     /lib/arm-linux-gnueabihf/libnss_compat-2.24.so
7625b000-7625c000 r--p 00005000 b3:07 396534     /lib/arm-linux-gnueabihf/libnss_compat-2.24.so
7625c000-7625d000 rw-p 00006000 b3:07 396534     /lib/arm-linux-gnueabihf/libnss_compat-2.24.so
76264000-7626a000 r--s 0003f000 b3:07 279417     /usr/lib/jvm/jdk-8-oracle-arm32-vfp-hflt/jre/lib/ext/sunjce_provider.jar
7626a000-7626e000 r--s 0003a000 b3:07 279419     /usr/lib/jvm/jdk-8-oracle-arm32-vfp-hflt/jre/lib/ext/sunpkcs11.jar
7626e000-76273000 r--s 00096000 b3:07 279390     /usr/lib/jvm/jdk-8-oracle-arm32-vfp-hflt/jre/lib/jsse.jar
76273000-76296000 r-xp 00000000 b3:07 279433     /usr/lib/jvm/jdk-8-oracle-arm32-vfp-hflt/jre/lib/arm/libjava.so
76296000-7629e000 ---p 00023000 b3:07 279433     /usr/lib/jvm/jdk-8-oracle-arm32-vfp-hflt/jre/lib/arm/libjava.so
7629e000-7629f000 rw-p 00023000 b3:07 279433     /usr/lib/jvm/jdk-8-oracle-arm32-vfp-hflt/jre/lib/arm/libjava.so
7629f000-762a5000 r-xp 00000000 b3:07 396489     /lib/arm-linux-gnueabihf/librt-2.24.so
762a5000-762b4000 ---p 00006000 b3:07 396489     /lib/arm-linux-gnueabihf/librt-2.24.so
762b4000-762b5000 r--p 00005000 b3:07 396489     /lib/arm-linux-gnueabihf/librt-2.24.so
762b5000-762b6000 rw-p 00006000 b3:07 396489     /lib/arm-linux-gnueabihf/librt-2.24.so
762b6000-762ba000 ---p 00000000 00:00 0 
762ba000-76307000 rw-p 00000000 00:00 0 
76307000-76374000 r-xp 00000000 b3:07 396491     /lib/arm-linux-gnueabihf/libm-2.24.so
76374000-76384000 ---p 0006d000 b3:07 396491     /lib/arm-linux-gnueabihf/libm-2.24.so
76384000-76385000 r--p 0006d000 b3:07 396491     /lib/arm-linux-gnueabihf/libm-2.24.so
76385000-76386000 rw-p 0006e000 b3:07 396491     /lib/arm-linux-gnueabihf/libm-2.24.so
76386000-76909000 r-xp 00000000 b3:07 279465     /usr/lib/jvm/jdk-8-oracle-arm32-vfp-hflt/jre/lib/arm/client/libjvm.so
76909000-76911000 ---p 00583000 b3:07 279465     /usr/lib/jvm/jdk-8-oracle-arm32-vfp-hflt/jre/lib/arm/client/libjvm.so
76911000-7693d000 rw-p 00583000 b3:07 279465     /usr/lib/jvm/jdk-8-oracle-arm32-vfp-hflt/jre/lib/arm/client/libjvm.so
7693d000-76d60000 rw-p 00000000 00:00 0 
76d60000-76d7c000 r-xp 00000000 b3:07 396512     /lib/arm-linux-gnueabihf/libgcc_s.so.1
76d7c000-76d8b000 ---p 0001c000 b3:07 396512     /lib/arm-linux-gnueabihf/libgcc_s.so.1
76d8b000-76d8c000 r--p 0001b000 b3:07 396512     /lib/arm-linux-gnueabihf/libgcc_s.so.1
76d8c000-76d8d000 rw-p 0001c000 b3:07 396512     /lib/arm-linux-gnueabihf/libgcc_s.so.1
76d8d000-76eb7000 r-xp 00000000 b3:07 396631     /lib/arm-linux-gnueabihf/libc-2.24.so
76eb7000-76ec6000 ---p 0012a000 b3:07 396631     /lib/arm-linux-gnueabihf/libc-2.24.so
76ec6000-76ec8000 r--p 00129000 b3:07 396631     /lib/arm-linux-gnueabihf/libc-2.24.so
76ec8000-76ec9000 rw-p 0012b000 b3:07 396631     /lib/arm-linux-gnueabihf/libc-2.24.so
76ec9000-76ecc000 rw-p 00000000 00:00 0 
76ecc000-76ece000 r-xp 00000000 b3:07 396628     /lib/arm-linux-gnueabihf/libdl-2.24.so
76ece000-76edd000 ---p 00002000 b3:07 396628     /lib/arm-linux-gnueabihf/libdl-2.24.so
76edd000-76ede000 r--p 00001000 b3:07 396628     /lib/arm-linux-gnueabihf/libdl-2.24.so
76ede000-76edf000 rw-p 00002000 b3:07 396628     /lib/arm-linux-gnueabihf/libdl-2.24.so
76edf000-76ef3000 r-xp 00000000 b3:07 279464     /usr/lib/jvm/jdk-8-oracle-arm32-vfp-hflt/jre/lib/arm/jli/libjli.so
76ef3000-76efb000 ---p 00014000 b3:07 279464     /usr/lib/jvm/jdk-8-oracle-arm32-vfp-hflt/jre/lib/arm/jli/libjli.so
76efb000-76efc000 rw-p 00014000 b3:07 279464     /usr/lib/jvm/jdk-8-oracle-arm32-vfp-hflt/jre/lib/arm/jli/libjli.so
76efc000-76f12000 r-xp 00000000 b3:07 396598     /lib/arm-linux-gnueabihf/libpthread-2.24.so
76f12000-76f21000 ---p 00016000 b3:07 396598     /lib/arm-linux-gnueabihf/libpthread-2.24.so
76f21000-76f22000 r--p 00015000 b3:07 396598     /lib/arm-linux-gnueabihf/libpthread-2.24.so
76f22000-76f23000 rw-p 00016000 b3:07 396598     /lib/arm-linux-gnueabihf/libpthread-2.24.so
76f23000-76f25000 rw-p 00000000 00:00 0 
76f26000-76f29000 r--s 0001a000 b3:07 279384     /usr/lib/jvm/jdk-8-oracle-arm32-vfp-hflt/jre/lib/jce.jar
76f29000-76f32000 r-xp 00000000 b3:07 279452     /usr/lib/jvm/jdk-8-oracle-arm32-vfp-hflt/jre/lib/arm/libverify.so
76f32000-76f3a000 ---p 00009000 b3:07 279452     /usr/lib/jvm/jdk-8-oracle-arm32-vfp-hflt/jre/lib/arm/libverify.so
76f3a000-76f3b000 rw-p 00009000 b3:07 279452     /usr/lib/jvm/jdk-8-oracle-arm32-vfp-hflt/jre/lib/arm/libverify.so
76f3b000-76f40000 r-xp 00000000 b3:07 276432     /usr/lib/arm-linux-gnueabihf/libarmmem.so
76f40000-76f4f000 ---p 00005000 b3:07 276432     /usr/lib/arm-linux-gnueabihf/libarmmem.so
76f4f000-76f50000 r--p 00004000 b3:07 276432     /usr/lib/arm-linux-gnueabihf/libarmmem.so
76f50000-76f51000 rw-p 00005000 b3:07 276432     /usr/lib/arm-linux-gnueabihf/libarmmem.so
76f51000-76f72000 r-xp 00000000 b3:07 396505     /lib/arm-linux-gnueabihf/ld-2.24.so
76f72000-76f73000 r--s 00009000 b3:07 279412     /usr/lib/jvm/jdk-8-oracle-arm32-vfp-hflt/jre/lib/ext/sunec.jar
76f73000-76f74000 r--p 0019a000 b3:07 287733     /usr/lib/locale/locale-archive
76f74000-76f7c000 rw-s 00000000 b3:07 416812     /tmp/hsperfdata_root/3932
76f7c000-76f7d000 r--p 00000000 00:00 0 
76f7d000-76f81000 rw-p 00000000 00:00 0 
76f81000-76f82000 r--p 00020000 b3:07 396505     /lib/arm-linux-gnueabihf/ld-2.24.so
76f82000-76f83000 rw-p 00021000 b3:07 396505     /lib/arm-linux-gnueabihf/ld-2.24.so
7e860000-7e881000 rw-p 00000000 00:00 0          [stack]
7ee66000-7ee67000 r-xp 00000000 00:00 0          [sigpage]
7ee67000-7ee68000 r--p 00000000 00:00 0          [vvar]
7ee68000-7ee69000 r-xp 00000000 00:00 0          [vdso]
ffff0000-ffff1000 r-xp 00000000 00:00 0          [vectors]

VM Arguments:
java_command: /home/pi/Desktop/my-app/target/my-app-1.0-SNAPSHOT-jar-with-dependencies.jar
java_class_path (initial): /home/pi/Desktop/my-app/target/my-app-1.0-SNAPSHOT-jar-with-dependencies.jar
Launcher Type: SUN_STANDARD

Environment Variables:
PATH=/usr/local/sbin:/usr/local/bin:/usr/sbin:/usr/bin:/sbin:/bin:/usr/local/games:/usr/games
USERNAME=root
SHELL=/bin/bash
DISPLAY=:0.0

Signal Handlers:
SIGSEGV: [libjvm.so+0x506638], sa_mask[0]=11111111011111111101111111111110, sa_flags=SA_RESTART|SA_SIGINFO
SIGBUS: [libjvm.so+0x506638], sa_mask[0]=11111111011111111101111111111110, sa_flags=SA_RESTART|SA_SIGINFO
SIGFPE: [libjvm.so+0x3fd4ec], sa_mask[0]=11111111011111111101111111111110, sa_flags=SA_RESTART|SA_SIGINFO
SIGPIPE: [libjvm.so+0x3fd4ec], sa_mask[0]=11111111011111111101111111111110, sa_flags=SA_RESTART|SA_SIGINFO
SIGXFSZ: [libjvm.so+0x3fd4ec], sa_mask[0]=11111111011111111101111111111110, sa_flags=SA_RESTART|SA_SIGINFO
SIGILL: [libjvm.so+0x3fd4ec], sa_mask[0]=11111111011111111101111111111110, sa_flags=SA_RESTART|SA_SIGINFO
SIGUSR1: SIG_DFL, sa_mask[0]=00000000000000000000000000000000, sa_flags=none
SIGUSR2: [libjvm.so+0x3fd650], sa_mask[0]=00000000000000000000000000000000, sa_flags=SA_RESTART|SA_SIGINFO
SIGHUP: [libjvm.so+0x3fda84], sa_mask[0]=11111111011111111101111111111110, sa_flags=SA_RESTART|SA_SIGINFO
SIGINT: [libjvm.so+0x3fda84], sa_mask[0]=11111111011111111101111111111110, sa_flags=SA_RESTART|SA_SIGINFO
SIGTERM: [libjvm.so+0x3fda84], sa_mask[0]=11111111011111111101111111111110, sa_flags=SA_RESTART|SA_SIGINFO
SIGQUIT: [libjvm.so+0x3fda84], sa_mask[0]=11111111011111111101111111111110, sa_flags=SA_RESTART|SA_SIGINFO


---------------  S Y S T E M  ---------------

OS:PRETTY_NAME="Raspbian GNU/Linux 9 (stretch)"
NAME="Raspbian GNU/Linux"
VERSION_ID="9"
VERSION="9 (stretch)"
ID=raspbian
ID_LIKE=debian
HOME_URL="http://www.raspbian.org/"
SUPPORT_URL="http://www.raspbian.org/RaspbianForums"
BUG_REPORT_URL="http://www.raspbian.org/RaspbianBugs"

uname:Linux 4.14.98-v7+ #1200 SMP Tue Feb 12 20:27:48 GMT 2019 armv7l
libc:glibc 2.24 NPTL 2.24 
rlimit: STACK 8192k, CORE 0k, NPROC 7345, NOFILE 1048576, AS infinity
load average:2.36 1.78 1.17

/proc/meminfo:
MemTotal:         949448 kB
MemFree:          169132 kB
MemAvailable:     235984 kB
Buffers:            2984 kB
Cached:           123844 kB
SwapCached:         1440 kB
Active:           352504 kB
Inactive:         378500 kB
Active(anon):     286208 kB
Inactive(anon):   339372 kB
Active(file):      66296 kB
Inactive(file):    39128 kB
Unevictable:          12 kB
Mlocked:              12 kB
SwapTotal:        102396 kB
SwapFree:           8724 kB
Dirty:              4116 kB
Writeback:             0 kB
AnonPages:        603072 kB
Mapped:           101864 kB
Shmem:             21216 kB
Slab:              27312 kB
SReclaimable:      12948 kB
SUnreclaim:        14364 kB
KernelStack:        3280 kB
PageTables:         8324 kB
NFS_Unstable:          0 kB
Bounce:                0 kB
WritebackTmp:          0 kB
CommitLimit:      577120 kB
Committed_AS:    2585436 kB
VmallocTotal:    1114112 kB
VmallocUsed:           0 kB
VmallocChunk:          0 kB
CmaTotal:           8192 kB
CmaFree:            6792 kB


CPU:total 4 (ARMv7), vfp

/proc/cpuinfo:
processor	: 0
model name	: ARMv7 Processor rev 4 (v7l)
BogoMIPS	: 89.60
Features	: half thumb fastmult vfp edsp neon vfpv3 tls vfpv4 idiva idivt vfpd32 lpae evtstrm crc32 
CPU implementer	: 0x41
CPU architecture: 7
CPU variant	: 0x0
CPU part	: 0xd03
CPU revision	: 4

processor	: 1
model name	: ARMv7 Processor rev 4 (v7l)
BogoMIPS	: 89.60
Features	: half thumb fastmult vfp edsp neon vfpv3 tls vfpv4 idiva idivt vfpd32 lpae evtstrm crc32 
CPU implementer	: 0x41
CPU architecture: 7
CPU variant	: 0x0
CPU part	: 0xd03
CPU revision	: 4

processor	: 2
model name	: ARMv7 Processor rev 4 (v7l)
BogoMIPS	: 89.60
Features	: half thumb fastmult vfp edsp neon vfpv3 tls vfpv4 idiva idivt vfpd32 lpae evtstrm crc32 
CPU implementer	: 0x41
CPU architecture: 7
CPU variant	: 0x0
CPU part	: 0xd03
CPU revision	: 4

processor	: 3
model name	: ARMv7 Processor rev 4 (v7l)
BogoMIPS	: 89.60
Features	: half thumb fastmult vfp edsp neon vfpv3 tls vfpv4 idiva idivt vfpd32 lpae evtstrm crc32 
CPU implementer	: 0x41
CPU architecture: 7
CPU variant	: 0x0
CPU part	: 0xd03
CPU revision	: 4

Hardware	: BCM2835
Revision	: a020d3
Serial		: 00000000404dcb5d


Memory: 4k page, physical 949448k(169132k free), swap 102396k(8724k free)

vm_info: Java HotSpot(TM) Client VM (25.65-b01) for linux-arm-vfp-hflt JRE (1.8.0_65-b17), built on Oct  6 2015 16:19:04 by "java_re" with gcc 4.7.2 20120910 (prerelease)

time: Sun Sep  1 20:15:08 2019
elapsed time: 304 seconds (0d 0h 5m 4s)

